/home/deaddy/anaconda3/lib/python3.5/site-packages/sklearn/cross_validation.py:44: DeprecationWarning: This module was deprecated in version 0.18 in favor of the model_selection module into which all the refactored classes and functions are moved. Also note that the interface of the new CV iterators are different from that of this module. This module will be removed in 0.20.
  "This module will be removed in 0.20.", DeprecationWarning)
../data/parkinson/3102_007_Baseline/3102_007_Baseline_NxNmatrix_FULL_157677.txt
../data/parkinson/3102_007_Month-24/3102_007_Month-24_NxNmatrix_FULL_151740.txt
../data/parkinson/3104_007_Baseline/3104_007_Baseline_NxNmatrix_FULL_126490.txt
../data/parkinson/3104_007_Month-12/3104_007_Month-12_NxNmatrix_FULL_127248.txt
../data/parkinson/3105_007_Month-12/3105_007_Month-12_NxNmatrix_FULL_144384.txt
../data/parkinson/3106_007_Month-12/3106_007_Month-12_NxNmatrix_FULL_131385.txt
../data/parkinson/3107_007_Baseline/3107_007_Baseline_NxNmatrix_FULL_152988.txt
../data/parkinson/3107_007_Month-12/3107_007_Month-12_NxNmatrix_FULL_153458.txt
../data/parkinson/3107_007_Month-24/3107_007_Month-24_NxNmatrix_FULL_145779.txt
../data/parkinson/3108_007_Baseline/3108_007_Baseline_NxNmatrix_FULL_121827.txt
../data/parkinson/3108_007_Month-12/3108_007_Month-12_NxNmatrix_FULL_120203.txt
../data/parkinson/3108_007_Month-24/3108_007_Month-24_NxNmatrix_FULL_119568.txt
../data/parkinson/3111_007_Baseline/3111_007_Baseline_NxNmatrix_FULL_155362.txt
../data/parkinson/3111_007_Month-12/3111_007_Month-12_NxNmatrix_FULL_146930.txt
../data/parkinson/3111_007_Month-24/3111_007_Month-24_NxNmatrix_FULL_146791.txt
../data/parkinson/3112_007_Baseline/3112_007_Baseline_NxNmatrix_FULL_120354.txt
../data/parkinson/3113_007_Month-12/3113_007_Month-12_NxNmatrix_FULL_138987.txt
../data/parkinson/3113_007_Month-24/3113_007_Month-24_NxNmatrix_FULL_135456.txt
../data/parkinson/3115_007_Month-12/3115_007_Month-12_NxNmatrix_FULL_146605.txt
../data/parkinson/3116_007_Baseline/3116_007_Baseline_NxNmatrix_FULL_128377.txt
../data/parkinson/3116_007_Month-12/3116_007_Month-12_NxNmatrix_FULL_124746.txt
../data/parkinson/3118_007_Baseline/3118_007_Baseline_NxNmatrix_FULL_121492.txt
../data/parkinson/3118_007_Month-12/3118_007_Month-12_NxNmatrix_FULL_118104.txt
../data/parkinson/3118_007_Month-24/3118_007_Month-24_NxNmatrix_FULL_125090.txt
../data/parkinson/3119_007_Baseline/3119_007_Baseline_NxNmatrix_FULL_139857.txt
../data/parkinson/3119_007_Month-12/3119_007_Month-12_NxNmatrix_FULL_135481.txt
../data/parkinson/3119_007_Month-24/3119_007_Month-24_NxNmatrix_FULL_140782.txt
../data/parkinson/3120_007_Baseline/3120_007_Baseline_NxNmatrix_FULL_135169.txt
../data/parkinson/3120_007_Month-12/3120_007_Month-12_NxNmatrix_FULL_138334.txt
../data/parkinson/3123_007_Baseline/3123_007_Baseline_NxNmatrix_FULL_144829.txt
../data/parkinson/3123_007_Month-24/3123_007_Month-24_NxNmatrix_FULL_141872.txt
../data/parkinson/3124_007_Baseline/3124_007_Baseline_NxNmatrix_FULL_163418.txt
../data/parkinson/3124_007_Month-12/3124_007_Month-12_NxNmatrix_FULL_163937.txt
../data/parkinson/3124_007_Month-24/3124_007_Month-24_NxNmatrix_FULL_168895.txt
../data/parkinson/3125_007_Baseline/3125_007_Baseline_NxNmatrix_FULL_142322.txt
../data/parkinson/3125_007_Month-12/3125_007_Month-12_NxNmatrix_FULL_143379.txt
../data/parkinson/3125_007_Month-24/3125_007_Month-24_NxNmatrix_FULL_144852.txt
../data/parkinson/3126_007_Baseline/3126_007_Baseline_NxNmatrix_FULL_129086.txt
../data/parkinson/3126_007_Month-24/3126_007_Month-24_NxNmatrix_FULL_128015.txt
../data/parkinson/3127_007_Baseline/3127_007_Baseline_NxNmatrix_FULL_151085.txt
../data/parkinson/3128_007_Baseline/3128_007_Baseline_NxNmatrix_FULL_114565.txt
../data/parkinson/3128_007_Month-24/3128_007_Month-24_NxNmatrix_FULL_117610.txt
../data/parkinson/3129_007_Baseline/3129_007_Baseline_NxNmatrix_FULL_180434.txt
../data/parkinson/3130_007_Baseline/3130_007_Baseline_NxNmatrix_FULL_143920.txt
../data/parkinson/3131_007_Baseline/3131_007_Baseline_NxNmatrix_FULL_158789.txt
../data/parkinson/3131_007_Month-24/3131_007_Month-24_NxNmatrix_FULL_157471.txt
../data/parkinson/3132_007_Month-12/3132_007_Month-12_NxNmatrix_FULL_163971.txt
../data/parkinson/3134_007_Baseline/3134_007_Baseline_NxNmatrix_FULL_159916.txt
../data/parkinson/3134_007_Month-12/3134_007_Month-12_NxNmatrix_FULL_163562.txt
../data/parkinson/3150_073_Baseline/3150_073_Baseline_NxNmatrix_FULL_113693.txt
../data/parkinson/3150_073_Month-12/3150_073_Month-12_NxNmatrix_FULL_118556.txt
../data/parkinson/3151_073_Baseline/3151_073_Baseline_NxNmatrix_FULL_136720.txt
../data/parkinson/3151_073_Month-12/3151_073_Month-12_NxNmatrix_FULL_132663.txt
../data/parkinson/3154_012_Baseline/3154_012_Baseline_NxNmatrix_FULL_131887.txt
../data/parkinson/3154_012_Month-12/3154_012_Month-12_NxNmatrix_FULL_131072.txt
../data/parkinson/3154_012_Month-24/3154_012_Month-24_NxNmatrix_FULL_127173.txt
../data/parkinson/3157_012_Baseline/3157_012_Baseline_NxNmatrix_FULL_101049.txt
../data/parkinson/3157_012_Month-12/3157_012_Month-12_NxNmatrix_FULL_102672.txt
../data/parkinson/3160_012_Month-12/3160_012_Month-12_NxNmatrix_FULL_144969.txt
../data/parkinson/3161_012_Baseline/3161_012_Baseline_NxNmatrix_FULL_140793.txt
../data/parkinson/3161_012_Month-12/3161_012_Month-12_NxNmatrix_FULL_140203.txt
../data/parkinson/3165_073_Baseline/3165_073_Baseline_NxNmatrix_FULL_140584.txt
../data/parkinson/3165_073_Month-12/3165_073_Month-12_NxNmatrix_FULL_138989.txt
../data/parkinson/3166_012_Baseline/3166_012_Baseline_NxNmatrix_FULL_142574.txt
../data/parkinson/3166_012_Month-12/3166_012_Month-12_NxNmatrix_FULL_144320.txt
../data/parkinson/3166_012_Month-24/3166_012_Month-24_NxNmatrix_FULL_143428.txt
../data/parkinson/3167_012_Baseline/3167_012_Baseline_NxNmatrix_FULL_135690.txt
../data/parkinson/3168_073_Baseline/3168_073_Baseline_NxNmatrix_FULL_129621.txt
../data/parkinson/3168_073_Month-12/3168_073_Month-12_NxNmatrix_FULL_129099.txt
../data/parkinson/3168_073_Month-24/3168_073_Month-24_NxNmatrix_FULL_131288.txt
../data/parkinson/3169_073_Baseline/3169_073_Baseline_NxNmatrix_FULL_153998.txt
../data/parkinson/3171_012_Baseline/3171_012_Baseline_NxNmatrix_FULL_136764.txt
../data/parkinson/3171_012_Month-12/3171_012_Month-12_NxNmatrix_FULL_136537.txt
../data/parkinson/3172_012_Baseline/3172_012_Baseline_NxNmatrix_FULL_144262.txt
../data/parkinson/3172_012_Month-12/3172_012_Month-12_NxNmatrix_FULL_141397.txt
../data/parkinson/3173_073_Month-12/3173_073_Month-12_NxNmatrix_FULL_133959.txt
../data/parkinson/3173_073_Month-24/3173_073_Month-24_NxNmatrix_FULL_131529.txt
../data/parkinson/3174_012_Baseline/3174_012_Baseline_NxNmatrix_FULL_154481.txt
../data/parkinson/3174_012_Month-12/3174_012_Month-12_NxNmatrix_FULL_155786.txt
../data/parkinson/3175_073_Baseline/3175_073_Baseline_NxNmatrix_FULL_127443.txt
../data/parkinson/3175_073_Month-12/3175_073_Month-12_NxNmatrix_FULL_123333.txt
../data/parkinson/3175_073_Month-24/3175_073_Month-24_NxNmatrix_FULL_123510.txt
../data/parkinson/3176_073_Baseline/3176_073_Baseline_NxNmatrix_FULL_156869.txt
../data/parkinson/3176_073_Month-12/3176_073_Month-12_NxNmatrix_FULL_156634.txt
../data/parkinson/3178_012_Baseline/3178_012_Baseline_NxNmatrix_FULL_105735.txt
../data/parkinson/3178_012_Month-12/3178_012_Month-12_NxNmatrix_FULL_107953.txt
../data/parkinson/3178_012_Month-24/3178_012_Month-24_NxNmatrix_FULL_123887.txt
../data/parkinson/3179_012_Month-24/3179_012_Month-24_NxNmatrix_FULL_172144.txt
../data/parkinson/3181_073_Baseline/3181_073_Baseline_NxNmatrix_FULL_137662.txt
../data/parkinson/3181_073_Month-24/3181_073_Month-24_NxNmatrix_FULL_139430.txt
../data/parkinson/3182_012_Baseline/3182_012_Baseline_NxNmatrix_FULL_143208.txt
../data/parkinson/3182_012_Month-24/3182_012_Month-24_NxNmatrix_FULL_133077.txt
../data/parkinson/3184_012_Baseline/3184_012_Baseline_NxNmatrix_FULL_124038.txt
../data/parkinson/3184_012_Month-12/3184_012_Month-12_NxNmatrix_FULL_123079.txt
../data/parkinson/3184_012_Month-24/3184_012_Month-24_NxNmatrix_FULL_123427.txt
../data/parkinson/3185_073_Baseline/3185_073_Baseline_NxNmatrix_FULL_120271.txt
../data/parkinson/3185_073_Month-12/3185_073_Month-12_NxNmatrix_FULL_119829.txt
../data/parkinson/3188_073_Baseline/3188_073_Baseline_NxNmatrix_FULL_126112.txt
../data/parkinson/3188_073_Month-12/3188_073_Month-12_NxNmatrix_FULL_119517.txt
../data/parkinson/3190_012_Baseline/3190_012_Baseline_NxNmatrix_FULL_115928.txt
../data/parkinson/3190_012_Month-12/3190_012_Month-12_NxNmatrix_FULL_108563.txt
../data/parkinson/3191_012_Baseline/3191_012_Baseline_NxNmatrix_FULL_113655.txt
../data/parkinson/3191_012_Month-12/3191_012_Month-12_NxNmatrix_FULL_114908.txt
../data/parkinson/3300_120_Baseline/3300_120_Baseline_NxNmatrix_FULL_133232.txt
../data/parkinson/3300_120_Month-12/3300_120_Month-12_NxNmatrix_FULL_131304.txt
../data/parkinson/3305_028_Month-12/3305_028_Month-12_NxNmatrix_FULL_167474.txt
../data/parkinson/3307_028_Month-24/3307_028_Month-24_NxNmatrix_FULL_152569.txt
../data/parkinson/3308_028_Baseline/3308_028_Baseline_NxNmatrix_FULL_160646.txt
../data/parkinson/3308_028_Month-12/3308_028_Month-12_NxNmatrix_FULL_165065.txt
../data/parkinson/3308_028_Month-24/3308_028_Month-24_NxNmatrix_FULL_159530.txt
../data/parkinson/3309_028_Baseline/3309_028_Baseline_NxNmatrix_FULL_118530.txt
../data/parkinson/3309_028_Month-24/3309_028_Month-24_NxNmatrix_FULL_120142.txt
../data/parkinson/3310_028_Baseline/3310_028_Baseline_NxNmatrix_FULL_120637.txt
../data/parkinson/3310_028_Month-12/3310_028_Month-12_NxNmatrix_FULL_122598.txt
../data/parkinson/3311_028_Baseline/3311_028_Baseline_NxNmatrix_FULL_152574.txt
../data/parkinson/3314_028_Month-12/3314_028_Month-12_NxNmatrix_FULL_108079.txt
../data/parkinson/3316_028_Baseline/3316_028_Baseline_NxNmatrix_FULL_132688.txt
../data/parkinson/3316_028_Month-24/3316_028_Month-24_NxNmatrix_FULL_138099.txt
../data/parkinson/3318_028_Month-12/3318_028_Month-12_NxNmatrix_FULL_115856.txt
../data/parkinson/3318_028_Month-24/3318_028_Month-24_NxNmatrix_FULL_113001.txt
../data/parkinson/3320_028_Baseline/3320_028_Baseline_NxNmatrix_FULL_134473.txt
../data/parkinson/3321_028_Baseline/3321_028_Baseline_NxNmatrix_FULL_111202.txt
../data/parkinson/3321_028_Month-24/3321_028_Month-24_NxNmatrix_FULL_104414.txt
../data/parkinson/3322_028_Baseline/3322_028_Baseline_NxNmatrix_FULL_117030.txt
../data/parkinson/3323_028_Baseline/3323_028_Baseline_NxNmatrix_FULL_180428.txt
../data/parkinson/3325_028_Month-12/3325_028_Month-12_NxNmatrix_FULL_143782.txt
../data/parkinson/3327_028_Baseline/3327_028_Baseline_NxNmatrix_FULL_155633.txt
../data/parkinson/3327_028_Month-12/3327_028_Month-12_NxNmatrix_FULL_153492.txt
../data/parkinson/3328_028_Month-12/3328_028_Month-12_NxNmatrix_FULL_141392.txt
../data/parkinson/3332_028_Baseline/3332_028_Baseline_NxNmatrix_FULL_147430.txt
../data/parkinson/3352_032_Month-12/3352_032_Month-12_NxNmatrix_FULL_166610.txt
../data/parkinson/3352_032_Month-24/3352_032_Month-24_NxNmatrix_FULL_163363.txt
../data/parkinson/3353_032_Month-12/3353_032_Month-12_NxNmatrix_FULL_142697.txt
../data/parkinson/3354_032_Month-24/3354_032_Month-24_NxNmatrix_FULL_145251.txt
../data/parkinson/3355_032_Month-12/3355_032_Month-12_NxNmatrix_FULL_136259.txt
../data/parkinson/3358_032_Month-12/3358_032_Month-12_NxNmatrix_FULL_155323.txt
../data/parkinson/3359_032_Month-12/3359_032_Month-12_NxNmatrix_FULL_133577.txt
../data/parkinson/3359_032_Month-24/3359_032_Month-24_NxNmatrix_FULL_133739.txt
../data/parkinson/3360_032_Month-12/3360_032_Month-12_NxNmatrix_FULL_168530.txt
../data/parkinson/3360_032_Month-24/3360_032_Month-24_NxNmatrix_FULL_175276.txt
../data/parkinson/3361_032_Month-12/3361_032_Month-12_NxNmatrix_FULL_138819.txt
../data/parkinson/3364_032_Month-12/3364_032_Month-12_NxNmatrix_FULL_140705.txt
../data/parkinson/3364_032_Month-24/3364_032_Month-24_NxNmatrix_FULL_140726.txt
../data/parkinson/3365_032_Baseline/3365_032_Baseline_NxNmatrix_FULL_138033.txt
../data/parkinson/3365_032_Month-12/3365_032_Month-12_NxNmatrix_FULL_135111.txt
../data/parkinson/3365_032_Month-24/3365_032_Month-24_NxNmatrix_FULL_136739.txt
../data/parkinson/3366_032_Baseline/3366_032_Baseline_NxNmatrix_FULL_156397.txt
../data/parkinson/3366_032_Month-12/3366_032_Month-12_NxNmatrix_FULL_144057.txt
../data/parkinson/3366_032_Month-24/3366_032_Month-24_NxNmatrix_FULL_151866.txt
../data/parkinson/3367_032_Baseline/3367_032_Baseline_NxNmatrix_FULL_137429.txt
../data/parkinson/3367_032_Month-12/3367_032_Month-12_NxNmatrix_FULL_136145.txt
../data/parkinson/3367_032_Month-24/3367_032_Month-24_NxNmatrix_FULL_140806.txt
../data/parkinson/3368_032_Baseline/3368_032_Baseline_NxNmatrix_FULL_141588.txt
../data/parkinson/3368_032_Month-12/3368_032_Month-12_NxNmatrix_FULL_136738.txt
../data/parkinson/3369_032_Baseline/3369_032_Baseline_NxNmatrix_FULL_136232.txt
../data/parkinson/3369_032_Month-12/3369_032_Month-12_NxNmatrix_FULL_127736.txt
../data/parkinson/3371_032_Baseline/3371_032_Baseline_NxNmatrix_FULL_143798.txt
../data/parkinson/3371_032_Month-12/3371_032_Month-12_NxNmatrix_FULL_137222.txt
../data/parkinson/3372_032_Baseline/3372_032_Baseline_NxNmatrix_FULL_164010.txt
../data/parkinson/3372_032_Month-24/3372_032_Month-24_NxNmatrix_FULL_154240.txt
../data/parkinson/3373_032_Baseline/3373_032_Baseline_NxNmatrix_FULL_135530.txt
../data/parkinson/3373_032_Month-12/3373_032_Month-12_NxNmatrix_FULL_134630.txt
../data/parkinson/3374_032_Baseline/3374_032_Baseline_NxNmatrix_FULL_122561.txt
../data/parkinson/3374_032_Month-12/3374_032_Month-12_NxNmatrix_FULL_127778.txt
../data/parkinson/3375_032_Month-12/3375_032_Month-12_NxNmatrix_FULL_138709.txt
../data/parkinson/3377_032_Baseline/3377_032_Baseline_NxNmatrix_FULL_133932.txt
../data/parkinson/3377_032_Month-12/3377_032_Month-12_NxNmatrix_FULL_132577.txt
../data/parkinson/3377_032_Month-24/3377_032_Month-24_NxNmatrix_FULL_133282.txt
../data/parkinson/3378_032_Month-12/3378_032_Month-12_NxNmatrix_FULL_171826.txt
../data/parkinson/3378_032_Month-24/3378_032_Month-24_NxNmatrix_FULL_179000.txt
../data/parkinson/3380_032_Baseline/3380_032_Baseline_NxNmatrix_FULL_116642.txt
../data/parkinson/3380_032_Month-12/3380_032_Month-12_NxNmatrix_FULL_116077.txt
../data/parkinson/3380_032_Month-24/3380_032_Month-24_NxNmatrix_FULL_117264.txt
../data/parkinson/3383_032_Baseline/3383_032_Baseline_NxNmatrix_FULL_157865.txt
../data/parkinson/3383_032_Month-12/3383_032_Month-12_NxNmatrix_FULL_160446.txt
../data/parkinson/3385_032_Baseline/3385_032_Baseline_NxNmatrix_FULL_134709.txt
../data/parkinson/3385_032_Month-12/3385_032_Month-12_NxNmatrix_FULL_135183.txt
../data/parkinson/3386_032_Baseline/3386_032_Baseline_NxNmatrix_FULL_142874.txt
../data/parkinson/3386_032_Month-12/3386_032_Month-12_NxNmatrix_FULL_135343.txt
../data/parkinson/3387_032_Baseline/3387_032_Baseline_NxNmatrix_FULL_131997.txt
../data/parkinson/3387_032_Month-12/3387_032_Month-12_NxNmatrix_FULL_132449.txt
../data/parkinson/3389_032_Baseline/3389_032_Baseline_NxNmatrix_FULL_122619.txt
../data/parkinson/3390_032_Baseline/3390_032_Baseline_NxNmatrix_FULL_134884.txt
../data/parkinson/3392_032_Baseline/3392_032_Baseline_NxNmatrix_FULL_116448.txt
../data/parkinson/3392_032_Month-12/3392_032_Month-12_NxNmatrix_FULL_116516.txt
../data/parkinson/3551_088_Baseline/3551_088_Baseline_NxNmatrix_FULL_153190.txt
../data/parkinson/3551_088_Month-12/3551_088_Month-12_NxNmatrix_FULL_136405.txt
../data/parkinson/3552_088_Baseline/3552_088_Baseline_NxNmatrix_FULL_146430.txt
../data/parkinson/3552_088_Month-12/3552_088_Month-12_NxNmatrix_FULL_147805.txt
../data/parkinson/3552_088_Month-24/3552_088_Month-24_NxNmatrix_FULL_143308.txt
../data/parkinson/3552_088_Month-48/3552_088_Month-48_NxNmatrix_FULL_137303.txt
../data/parkinson/3554_088_Baseline/3554_088_Baseline_NxNmatrix_FULL_140212.txt
../data/parkinson/3554_088_Month-12/3554_088_Month-12_NxNmatrix_FULL_139730.txt
../data/parkinson/3556_088_Baseline/3556_088_Baseline_NxNmatrix_FULL_139066.txt
../data/parkinson/3556_088_Month-12/3556_088_Month-12_NxNmatrix_FULL_135137.txt
../data/parkinson/3556_088_Month-24/3556_088_Month-24_NxNmatrix_FULL_140585.txt
../data/parkinson/3556_088_Month-48/3556_088_Month-48_NxNmatrix_FULL_129573.txt
../data/parkinson/3557_088_Month-12/3557_088_Month-12_NxNmatrix_FULL_158013.txt
../data/parkinson/3557_088_Month-24/3557_088_Month-24_NxNmatrix_FULL_155861.txt
../data/parkinson/3557_088_Month-48/3557_088_Month-48_NxNmatrix_FULL_165673.txt
../data/parkinson/3558_088_Baseline/3558_088_Baseline_NxNmatrix_FULL_161713.txt
../data/parkinson/3558_088_Month-12/3558_088_Month-12_NxNmatrix_FULL_159098.txt
../data/parkinson/3558_088_Month-24/3558_088_Month-24_NxNmatrix_FULL_161492.txt
../data/parkinson/3559_088_Baseline/3559_088_Baseline_NxNmatrix_FULL_138915.txt
../data/parkinson/3559_088_Month-12/3559_088_Month-12_NxNmatrix_FULL_132406.txt
../data/parkinson/3559_088_Month-24/3559_088_Month-24_NxNmatrix_FULL_141180.txt
../data/parkinson/3563_088_Baseline/3563_088_Baseline_NxNmatrix_FULL_144543.txt
../data/parkinson/3563_088_Month-12/3563_088_Month-12_NxNmatrix_FULL_146914.txt
../data/parkinson/3564_088_Baseline/3564_088_Baseline_NxNmatrix_FULL_152429.txt
../data/parkinson/3565_088_Month-12/3565_088_Month-12_NxNmatrix_FULL_169390.txt
../data/parkinson/3567_088_Baseline/3567_088_Baseline_NxNmatrix_FULL_147254.txt
../data/parkinson/3567_088_Month-12/3567_088_Month-12_NxNmatrix_FULL_148159.txt
../data/parkinson/3567_088_Month-24/3567_088_Month-24_NxNmatrix_FULL_143709.txt
../data/parkinson/3570_088_Baseline/3570_088_Baseline_NxNmatrix_FULL_169478.txt
../data/parkinson/3570_088_Month-12/3570_088_Month-12_NxNmatrix_FULL_162972.txt
../data/parkinson/3571_088_Baseline/3571_088_Baseline_NxNmatrix_FULL_166103.txt
../data/parkinson/3571_088_Month-12/3571_088_Month-12_NxNmatrix_FULL_167587.txt
../data/parkinson/3572_088_Month-12/3572_088_Month-12_NxNmatrix_FULL_131332.txt
../data/parkinson/3574_088_Baseline/3574_088_Baseline_NxNmatrix_FULL_129688.txt
../data/parkinson/3574_088_Month-24/3574_088_Month-24_NxNmatrix_FULL_126479.txt
../data/parkinson/3575_088_Baseline/3575_088_Baseline_NxNmatrix_FULL_149042.txt
../data/parkinson/3575_088_Month-12/3575_088_Month-12_NxNmatrix_FULL_152913.txt
../data/parkinson/3577_088_Baseline/3577_088_Baseline_NxNmatrix_FULL_165911.txt
../data/parkinson/3577_088_Month-12/3577_088_Month-12_NxNmatrix_FULL_167527.txt
../data/parkinson/3584_088_Baseline/3584_088_Baseline_NxNmatrix_FULL_183531.txt
../data/parkinson/3584_088_Month-12/3584_088_Month-12_NxNmatrix_FULL_185528.txt
../data/parkinson/3585_088_Baseline/3585_088_Baseline_NxNmatrix_FULL_154953.txt
../data/parkinson/3585_088_Month-12/3585_088_Month-12_NxNmatrix_FULL_157541.txt
../data/parkinson/3586_088_Baseline/3586_088_Baseline_NxNmatrix_FULL_144532.txt
../data/parkinson/3586_088_Month-12/3586_088_Month-12_NxNmatrix_FULL_132893.txt
../data/parkinson/3587_088_Baseline/3587_088_Baseline_NxNmatrix_FULL_157013.txt
../data/parkinson/3587_088_Month-12/3587_088_Month-12_NxNmatrix_FULL_150187.txt
../data/parkinson/3587_088_Month-24/3587_088_Month-24_NxNmatrix_FULL_150927.txt
../data/parkinson/3591_088_Baseline/3591_088_Baseline_NxNmatrix_FULL_151524.txt
../data/parkinson/3592_088_Baseline/3592_088_Baseline_NxNmatrix_FULL_152346.txt
../data/parkinson/3592_088_Month-12/3592_088_Month-12_NxNmatrix_FULL_153119.txt
../data/parkinson/3593_088_Baseline/3593_088_Baseline_NxNmatrix_FULL_125461.txt
../data/parkinson/3593_088_Month-12/3593_088_Month-12_NxNmatrix_FULL_124679.txt
../data/parkinson/3750_289_Month-12/3750_289_Month-12_NxNmatrix_FULL_164390.txt
../data/parkinson/3752_289_Baseline/3752_289_Baseline_NxNmatrix_FULL_146546.txt
../data/parkinson/3752_289_Month-24/3752_289_Month-24_NxNmatrix_FULL_141853.txt
../data/parkinson/3753_289_Baseline/3753_289_Baseline_NxNmatrix_FULL_138854.txt
../data/parkinson/3756_289_Baseline/3756_289_Baseline_NxNmatrix_FULL_137305.txt
../data/parkinson/3756_289_Month-12/3756_289_Month-12_NxNmatrix_FULL_139546.txt
../data/parkinson/3757_289_Baseline/3757_289_Baseline_NxNmatrix_FULL_126816.txt
../data/parkinson/3757_289_Month-12/3757_289_Month-12_NxNmatrix_FULL_125326.txt
../data/parkinson/3757_289_Month-24/3757_289_Month-24_NxNmatrix_FULL_130253.txt
../data/parkinson/3758_289_Baseline/3758_289_Baseline_NxNmatrix_FULL_140350.txt
../data/parkinson/3758_289_Month-12/3758_289_Month-12_NxNmatrix_FULL_141473.txt
../data/parkinson/3758_289_Month-24/3758_289_Month-24_NxNmatrix_FULL_142480.txt
../data/parkinson/3759_289_Baseline/3759_289_Baseline_NxNmatrix_FULL_129795.txt
../data/parkinson/3759_289_Month-12/3759_289_Month-12_NxNmatrix_FULL_130517.txt
../data/parkinson/3760_289_Baseline/3760_289_Baseline_NxNmatrix_FULL_145545.txt
../data/parkinson/3760_289_Month-12/3760_289_Month-12_NxNmatrix_FULL_148183.txt
../data/parkinson/3762_289_Baseline/3762_289_Baseline_NxNmatrix_FULL_147350.txt
../data/parkinson/3762_289_Month-24/3762_289_Month-24_NxNmatrix_FULL_142620.txt
../data/parkinson/3763_289_Baseline/3763_289_Baseline_NxNmatrix_FULL_161798.txt
../data/parkinson/3763_289_Month-12/3763_289_Month-12_NxNmatrix_FULL_163974.txt
../data/parkinson/3763_289_Month-24/3763_289_Month-24_NxNmatrix_FULL_165501.txt
../data/parkinson/3765_289_Baseline/3765_289_Baseline_NxNmatrix_FULL_123815.txt
../data/parkinson/3765_289_Month-12/3765_289_Month-12_NxNmatrix_FULL_124535.txt
../data/parkinson/3767_289_Baseline/3767_289_Baseline_NxNmatrix_FULL_140237.txt
../data/parkinson/3767_289_Month-12/3767_289_Month-12_NxNmatrix_FULL_148038.txt
../data/parkinson/3768_289_Baseline/3768_289_Baseline_NxNmatrix_FULL_155827.txt
../data/parkinson/3768_289_Month-12/3768_289_Month-12_NxNmatrix_FULL_160269.txt
../data/parkinson/3769_289_Baseline/3769_289_Baseline_NxNmatrix_FULL_120377.txt
../data/parkinson/3769_289_Month-12/3769_289_Month-12_NxNmatrix_FULL_128344.txt
../data/parkinson/3770_289_Baseline/3770_289_Baseline_NxNmatrix_FULL_150716.txt
../data/parkinson/3770_289_Month-12/3770_289_Month-12_NxNmatrix_FULL_154936.txt
../data/parkinson/3770_289_Month-24/3770_289_Month-24_NxNmatrix_FULL_158770.txt
../data/parkinson/3771_289_Month-12/3771_289_Month-12_NxNmatrix_FULL_105029.txt
../data/parkinson/3775_289_Baseline/3775_289_Baseline_NxNmatrix_FULL_163371.txt
../data/parkinson/3775_289_Month-12/3775_289_Month-12_NxNmatrix_FULL_168166.txt
../data/parkinson/3775_289_Month-24/3775_289_Month-24_NxNmatrix_FULL_163274.txt
../data/parkinson/3776_289_Baseline/3776_289_Baseline_NxNmatrix_FULL_127548.txt
../data/parkinson/3776_289_Month-12/3776_289_Month-12_NxNmatrix_FULL_128078.txt
../data/parkinson/3776_289_Month-24/3776_289_Month-24_NxNmatrix_FULL_129788.txt
../data/parkinson/3777_289_Baseline/3777_289_Baseline_NxNmatrix_FULL_130331.txt
../data/parkinson/3777_289_Month-12/3777_289_Month-12_NxNmatrix_FULL_134156.txt
../data/parkinson/3778_289_Baseline/3778_289_Baseline_NxNmatrix_FULL_110056.txt
../data/parkinson/3778_289_Month-12/3778_289_Month-12_NxNmatrix_FULL_111973.txt
../data/parkinson/3778_289_Month-24/3778_289_Month-24_NxNmatrix_FULL_114604.txt
../data/parkinson/3779_289_Baseline/3779_289_Baseline_NxNmatrix_FULL_166877.txt
../data/parkinson/3779_289_Month-12/3779_289_Month-12_NxNmatrix_FULL_169542.txt
../data/parkinson/3780_289_Baseline/3780_289_Baseline_NxNmatrix_FULL_115811.txt
../data/parkinson/3780_289_Month-12/3780_289_Month-12_NxNmatrix_FULL_118573.txt
../data/parkinson/3780_289_Month-24/3780_289_Month-24_NxNmatrix_FULL_116623.txt
../data/parkinson/3787_289_Baseline/3787_289_Baseline_NxNmatrix_FULL_153337.txt
../data/parkinson/3787_289_Month-12/3787_289_Month-12_NxNmatrix_FULL_151098.txt
../data/parkinson/3788_289_Baseline/3788_289_Baseline_NxNmatrix_FULL_142250.txt
../data/parkinson/3788_289_Month-12/3788_289_Month-12_NxNmatrix_FULL_141924.txt
../data/parkinson/3789_289_Baseline/3789_289_Baseline_NxNmatrix_FULL_123932.txt
../data/parkinson/3789_289_Month-12/3789_289_Month-12_NxNmatrix_FULL_121690.txt
../data/parkinson/3789_289_Month-24/3789_289_Month-24_NxNmatrix_FULL_123251.txt
../data/parkinson/3800_290_Baseline/3800_290_Baseline_NxNmatrix_FULL_161598.txt
../data/parkinson/3800_290_Month-12/3800_290_Month-12_NxNmatrix_FULL_161377.txt
../data/parkinson/3800_290_Month-24/3800_290_Month-24_NxNmatrix_FULL_159406.txt
../data/parkinson/3802_290_Month-12/3802_290_Month-12_NxNmatrix_FULL_135200.txt
../data/parkinson/3802_290_Month-24/3802_290_Month-24_NxNmatrix_FULL_133309.txt
../data/parkinson/3803_290_Baseline/3803_290_Baseline_NxNmatrix_FULL_135974.txt
../data/parkinson/3803_290_Month-12/3803_290_Month-12_NxNmatrix_FULL_137187.txt
../data/parkinson/3804_290_Baseline/3804_290_Baseline_NxNmatrix_FULL_138455.txt
../data/parkinson/3805_290_Month-12/3805_290_Month-12_NxNmatrix_FULL_124508.txt
../data/parkinson/3806_290_Baseline/3806_290_Baseline_NxNmatrix_FULL_134884.txt
../data/parkinson/3806_290_Month-12/3806_290_Month-12_NxNmatrix_FULL_135334.txt
../data/parkinson/3807_290_Baseline/3807_290_Baseline_NxNmatrix_FULL_157085.txt
../data/parkinson/3807_290_Month-12/3807_290_Month-12_NxNmatrix_FULL_156992.txt
../data/parkinson/3808_290_Baseline/3808_290_Baseline_NxNmatrix_FULL_161041.txt
../data/parkinson/3808_290_Month-12/3808_290_Month-12_NxNmatrix_FULL_157585.txt
../data/parkinson/3808_290_Month-24/3808_290_Month-24_NxNmatrix_FULL_156315.txt
../data/parkinson/3809_290_Baseline/3809_290_Baseline_NxNmatrix_FULL_127566.txt
../data/parkinson/3812_290_Baseline/3812_290_Baseline_NxNmatrix_FULL_121073.txt
../data/parkinson/3812_290_Month-12/3812_290_Month-12_NxNmatrix_FULL_125295.txt
../data/parkinson/3813_290_Screening/3813_290_Screening_NxNmatrix_FULL_135274.txt
../data/parkinson/3814_290_Baseline/3814_290_Baseline_NxNmatrix_FULL_150767.txt
../data/parkinson/3814_290_Month-12/3814_290_Month-12_NxNmatrix_FULL_144669.txt
../data/parkinson/3814_290_Month-24/3814_290_Month-24_NxNmatrix_FULL_151400.txt
../data/parkinson/3815_290_Baseline/3815_290_Baseline_NxNmatrix_FULL_139933.txt
../data/parkinson/3815_290_Month-12/3815_290_Month-12_NxNmatrix_FULL_142228.txt
../data/parkinson/3816_290_Baseline/3816_290_Baseline_NxNmatrix_FULL_142501.txt
../data/parkinson/3816_290_Screening/3816_290_Screening_NxNmatrix_FULL_142199.txt
../data/parkinson/3817_290_Baseline/3817_290_Baseline_NxNmatrix_FULL_135891.txt
../data/parkinson/3817_290_Screening/3817_290_Screening_NxNmatrix_FULL_130422.txt
../data/parkinson/3818_290_Baseline/3818_290_Baseline_NxNmatrix_FULL_107799.txt
../data/parkinson/3818_290_Month-12/3818_290_Month-12_NxNmatrix_FULL_107864.txt
../data/parkinson/3818_290_Month-24/3818_290_Month-24_NxNmatrix_FULL_105865.txt
../data/parkinson/3819_290_Baseline/3819_290_Baseline_NxNmatrix_FULL_116009.txt
../data/parkinson/3819_290_Month-12/3819_290_Month-12_NxNmatrix_FULL_111648.txt
../data/parkinson/3819_290_Month-24/3819_290_Month-24_NxNmatrix_FULL_117455.txt
../data/parkinson/3822_290_Baseline/3822_290_Baseline_NxNmatrix_FULL_150486.txt
../data/parkinson/3822_290_Month-12/3822_290_Month-12_NxNmatrix_FULL_151171.txt
../data/parkinson/3822_290_Month-24/3822_290_Month-24_NxNmatrix_FULL_150562.txt
../data/parkinson/3823_290_Baseline/3823_290_Baseline_NxNmatrix_FULL_149750.txt
../data/parkinson/3823_290_Month-12/3823_290_Month-12_NxNmatrix_FULL_146525.txt
../data/parkinson/3823_290_Month-24/3823_290_Month-24_NxNmatrix_FULL_147111.txt
../data/parkinson/3824_290_Month-12/3824_290_Month-12_NxNmatrix_FULL_138103.txt
../data/parkinson/3824_290_Month-24/3824_290_Month-24_NxNmatrix_FULL_138458.txt
../data/parkinson/3825_290_Baseline/3825_290_Baseline_NxNmatrix_FULL_165867.txt
../data/parkinson/3825_290_Month-12/3825_290_Month-12_NxNmatrix_FULL_165881.txt
../data/parkinson/3826_290_Baseline/3826_290_Baseline_NxNmatrix_FULL_133637.txt
../data/parkinson/3826_290_Month-12/3826_290_Month-12_NxNmatrix_FULL_133657.txt
../data/parkinson/3826_290_Month-24/3826_290_Month-24_NxNmatrix_FULL_127406.txt
../data/parkinson/3828_290_Baseline/3828_290_Baseline_NxNmatrix_FULL_135115.txt
../data/parkinson/3828_290_Month-12/3828_290_Month-12_NxNmatrix_FULL_137324.txt
../data/parkinson/3828_290_Month-24/3828_290_Month-24_NxNmatrix_FULL_132334.txt
../data/parkinson/3829_290_Baseline/3829_290_Baseline_NxNmatrix_FULL_143319.txt
../data/parkinson/3829_290_Month-12/3829_290_Month-12_NxNmatrix_FULL_135589.txt
../data/parkinson/3829_290_Month-24/3829_290_Month-24_NxNmatrix_FULL_138132.txt
../data/parkinson/3831_290_Baseline/3831_290_Baseline_NxNmatrix_FULL_127863.txt
../data/parkinson/3831_290_Month-12/3831_290_Month-12_NxNmatrix_FULL_126062.txt
../data/parkinson/3831_290_Month-24/3831_290_Month-24_NxNmatrix_FULL_126213.txt
../data/parkinson/3832_290_Baseline/3832_290_Baseline_NxNmatrix_FULL_152081.txt
../data/parkinson/3832_290_Month-12/3832_290_Month-12_NxNmatrix_FULL_148852.txt
../data/parkinson/3832_290_Month-24/3832_290_Month-24_NxNmatrix_FULL_148407.txt
../data/parkinson/3833_290_Screening/3833_290_Screening_NxNmatrix_FULL_128763.txt
../data/parkinson/3834_290_Baseline/3834_290_Baseline_NxNmatrix_FULL_163559.txt
../data/parkinson/3834_290_Month-12/3834_290_Month-12_NxNmatrix_FULL_165343.txt
../data/parkinson/3834_290_Month-24/3834_290_Month-24_NxNmatrix_FULL_160765.txt
../data/parkinson/3835_290_Baseline/3835_290_Baseline_NxNmatrix_FULL_147149.txt
../data/parkinson/3835_290_Month-12/3835_290_Month-12_NxNmatrix_FULL_149983.txt
../data/parkinson/3835_290_Month-24/3835_290_Month-24_NxNmatrix_FULL_159629.txt
../data/parkinson/3837_290_Screening/3837_290_Screening_NxNmatrix_FULL_163761.txt
../data/parkinson/3838_290_Baseline/3838_290_Baseline_NxNmatrix_FULL_151370.txt
../data/parkinson/3838_290_Month-12/3838_290_Month-12_NxNmatrix_FULL_152706.txt
../data/parkinson/3850_291_Baseline/3850_291_Baseline_NxNmatrix_FULL_130840.txt
../data/parkinson/3850_291_Month-12/3850_291_Month-12_NxNmatrix_FULL_132119.txt
../data/parkinson/3851_291_Baseline/3851_291_Baseline_NxNmatrix_FULL_120759.txt
../data/parkinson/3851_291_Month-12/3851_291_Month-12_NxNmatrix_FULL_118348.txt
../data/parkinson/3851_291_Month-24/3851_291_Month-24_NxNmatrix_FULL_119742.txt
../data/parkinson/3852_291_Baseline/3852_291_Baseline_NxNmatrix_FULL_151647.txt
../data/parkinson/3852_291_Month-12/3852_291_Month-12_NxNmatrix_FULL_141092.txt
../data/parkinson/3852_291_Month-36/3852_291_Month-36_NxNmatrix_FULL_137419.txt
../data/parkinson/3853_291_Baseline/3853_291_Baseline_NxNmatrix_FULL_132093.txt
../data/parkinson/3853_291_Month-24/3853_291_Month-24_NxNmatrix_FULL_131566.txt
../data/parkinson/3854_291_Baseline/3854_291_Baseline_NxNmatrix_FULL_159413.txt
../data/parkinson/3854_291_Month-12/3854_291_Month-12_NxNmatrix_FULL_156203.txt
../data/parkinson/3854_291_Month-24/3854_291_Month-24_NxNmatrix_FULL_162607.txt
../data/parkinson/3855_291_Baseline/3855_291_Baseline_NxNmatrix_FULL_135712.txt
../data/parkinson/3855_291_Month-12/3855_291_Month-12_NxNmatrix_FULL_132310.txt
../data/parkinson/3857_291_Baseline/3857_291_Baseline_NxNmatrix_FULL_108995.txt
../data/parkinson/3857_291_Month-12/3857_291_Month-12_NxNmatrix_FULL_106732.txt
../data/parkinson/3857_291_Month-24/3857_291_Month-24_NxNmatrix_FULL_110833.txt
../data/parkinson/3859_291_Month-24/3859_291_Month-24_NxNmatrix_FULL_137440.txt
../data/parkinson/3866_291_Baseline/3866_291_Baseline_NxNmatrix_FULL_114185.txt
../data/parkinson/3866_291_Month-12/3866_291_Month-12_NxNmatrix_FULL_112596.txt
../data/parkinson/3867_291_Month-12/3867_291_Month-12_NxNmatrix_FULL_135265.txt
../data/parkinson/3868_291_Baseline/3868_291_Baseline_NxNmatrix_FULL_120298.txt
../data/parkinson/3868_291_Month-12/3868_291_Month-12_NxNmatrix_FULL_111843.txt
../data/parkinson/3869_291_Month-12/3869_291_Month-12_NxNmatrix_FULL_162453.txt
../data/parkinson/3870_291_Baseline/3870_291_Baseline_NxNmatrix_FULL_160134.txt
../data/parkinson/3870_291_Month-12/3870_291_Month-12_NxNmatrix_FULL_156880.txt
../data/parkinson/4001_120_Baseline/4001_120_Baseline_NxNmatrix_FULL_143007.txt
../data/parkinson/4004_120_Baseline/4004_120_Baseline_NxNmatrix_FULL_127505.txt
../data/parkinson/4004_120_Month-12/4004_120_Month-12_NxNmatrix_FULL_123156.txt
../data/parkinson/4005_120_Baseline/4005_120_Baseline_NxNmatrix_FULL_119508.txt
../data/parkinson/4005_120_Month-12/4005_120_Month-12_NxNmatrix_FULL_119817.txt
../data/parkinson/4005_120_Month-24/4005_120_Month-24_NxNmatrix_FULL_116553.txt
../data/parkinson/4010_120_Baseline/4010_120_Baseline_NxNmatrix_FULL_125152.txt
../data/parkinson/4010_120_Month-12/4010_120_Month-12_NxNmatrix_FULL_133022.txt
../data/parkinson/4011_120_Month-12/4011_120_Month-12_NxNmatrix_FULL_120811.txt
../data/parkinson/4011_120_Month-24/4011_120_Month-24_NxNmatrix_FULL_118962.txt
../data/parkinson/4012_120_Baseline/4012_120_Baseline_NxNmatrix_FULL_141317.txt
../data/parkinson/4012_120_Month-12/4012_120_Month-12_NxNmatrix_FULL_142324.txt
../data/parkinson/4012_120_Month-24/4012_120_Month-24_NxNmatrix_FULL_140892.txt
../data/parkinson/4013_120_Baseline/4013_120_Baseline_NxNmatrix_FULL_177946.txt
../data/parkinson/4013_120_Month-12/4013_120_Month-12_NxNmatrix_FULL_166419.txt
../data/parkinson/4013_120_Month-24/4013_120_Month-24_NxNmatrix_FULL_161056.txt
../data/parkinson/4019_120_Month-12/4019_120_Month-12_NxNmatrix_FULL_141807.txt
../data/parkinson/4019_120_Month-24/4019_120_Month-24_NxNmatrix_FULL_142266.txt
../data/parkinson/4020_120_Baseline/4020_120_Baseline_NxNmatrix_FULL_159898.txt
../data/parkinson/4020_120_Month-12/4020_120_Month-12_NxNmatrix_FULL_160690.txt
../data/parkinson/4020_120_Month-24/4020_120_Month-24_NxNmatrix_FULL_165794.txt
../data/parkinson/4021_120_Baseline/4021_120_Baseline_NxNmatrix_FULL_129969.txt
../data/parkinson/4021_120_Month-12/4021_120_Month-12_NxNmatrix_FULL_132694.txt
../data/parkinson/4021_120_Month-24/4021_120_Month-24_NxNmatrix_FULL_127275.txt
../data/parkinson/4022_120_Baseline/4022_120_Baseline_NxNmatrix_FULL_152478.txt
../data/parkinson/4022_120_Month-12/4022_120_Month-12_NxNmatrix_FULL_150829.txt
../data/parkinson/4022_120_Month-24/4022_120_Month-24_NxNmatrix_FULL_154085.txt
../data/parkinson/4024_120_Baseline/4024_120_Baseline_NxNmatrix_FULL_133330.txt
../data/parkinson/4024_120_Month-12/4024_120_Month-12_NxNmatrix_FULL_132111.txt
../data/parkinson/4024_120_Month-24/4024_120_Month-24_NxNmatrix_FULL_132621.txt
../data/parkinson/4025_120_Baseline/4025_120_Baseline_NxNmatrix_FULL_130845.txt
../data/parkinson/4025_120_Month-12/4025_120_Month-12_NxNmatrix_FULL_131971.txt
../data/parkinson/4025_120_Month-24/4025_120_Month-24_NxNmatrix_FULL_133644.txt
../data/parkinson/4026_120_Baseline/4026_120_Baseline_NxNmatrix_FULL_140872.txt
../data/parkinson/4026_120_Month-12/4026_120_Month-12_NxNmatrix_FULL_142615.txt
../data/parkinson/4026_120_Month-24/4026_120_Month-24_NxNmatrix_FULL_143747.txt
../data/parkinson/4027_120_Baseline/4027_120_Baseline_NxNmatrix_FULL_142667.txt
../data/parkinson/4029_120_Baseline/4029_120_Baseline_NxNmatrix_FULL_169292.txt
../data/parkinson/4029_120_Month-12/4029_120_Month-12_NxNmatrix_FULL_174918.txt
../data/parkinson/4029_120_Month-24/4029_120_Month-24_NxNmatrix_FULL_171686.txt
../data/parkinson/4030_120_Baseline/4030_120_Baseline_NxNmatrix_FULL_153839.txt
../data/parkinson/4030_120_Month-12/4030_120_Month-12_NxNmatrix_FULL_153182.txt
../data/parkinson/4030_120_Month-24/4030_120_Month-24_NxNmatrix_FULL_152708.txt
../data/parkinson/4032_120_Baseline/4032_120_Baseline_NxNmatrix_FULL_129694.txt
../data/parkinson/4032_120_Month-12/4032_120_Month-12_NxNmatrix_FULL_126444.txt
../data/parkinson/4033_120_Baseline/4033_120_Baseline_NxNmatrix_FULL_138712.txt
../data/parkinson/4034_120_Month-12/4034_120_Month-12_NxNmatrix_FULL_162324.txt
../data/parkinson/4035_120_Baseline/4035_120_Baseline_NxNmatrix_FULL_140630.txt
../data/parkinson/4035_120_Month-12/4035_120_Month-12_NxNmatrix_FULL_138332.txt
../data/parkinson/4035_120_Month-24/4035_120_Month-24_NxNmatrix_FULL_142635.txt
../data/parkinson/4037_120_Baseline/4037_120_Baseline_NxNmatrix_FULL_171641.txt
../data/parkinson/4038_120_Month-12/4038_120_Month-12_NxNmatrix_FULL_126879.txt
../data/parkinson/4065_196_Baseline/4065_196_Baseline_NxNmatrix_FULL_124294.txt
../data/parkinson/4067_196_Baseline/4067_196_Baseline_NxNmatrix_FULL_140668.txt
../data/parkinson/4069_196_Baseline/4069_196_Baseline_NxNmatrix_FULL_174291.txt
../data/parkinson/4080_304_Baseline/4080_304_Baseline_NxNmatrix_FULL_141717.txt
../data/parkinson/4081_304_Month-12/4081_304_Month-12_NxNmatrix_FULL_145781.txt
../data/parkinson/4082_304_Baseline/4082_304_Baseline_NxNmatrix_FULL_123096.txt
../data/parkinson/4082_304_Month-12/4082_304_Month-12_NxNmatrix_FULL_124785.txt
../data/parkinson/4083_304_Baseline/4083_304_Baseline_NxNmatrix_FULL_141404.txt
../data/parkinson/4083_304_Month-12/4083_304_Month-12_NxNmatrix_FULL_143407.txt
../data/parkinson/4135_196_Baseline/4135_196_Baseline_NxNmatrix_FULL_170339.txt
../data/parkinson/4136_196_Baseline/4136_196_Baseline_NxNmatrix_FULL_148991.txt
../data/parkinson/4136_196_Month-12/4136_196_Month-12_NxNmatrix_FULL_148615.txt
../data/parkinson/4139_196_Baseline/4139_196_Baseline_NxNmatrix_FULL_111108.txt
../data/parkinson/3102_007_Baseline/3102_007_Baseline_NxNmatrix_FULL_157677.txt
../data/parkinson/3102_007_Month-24/3102_007_Month-24_NxNmatrix_FULL_151740.txt
../data/parkinson/3104_007_Baseline/3104_007_Baseline_NxNmatrix_FULL_126490.txt
../data/parkinson/3104_007_Month-12/3104_007_Month-12_NxNmatrix_FULL_127248.txt
../data/parkinson/3105_007_Month-12/3105_007_Month-12_NxNmatrix_FULL_144384.txt
../data/parkinson/3106_007_Month-12/3106_007_Month-12_NxNmatrix_FULL_131385.txt
../data/parkinson/3107_007_Baseline/3107_007_Baseline_NxNmatrix_FULL_152988.txt
../data/parkinson/3107_007_Month-12/3107_007_Month-12_NxNmatrix_FULL_153458.txt
../data/parkinson/3107_007_Month-24/3107_007_Month-24_NxNmatrix_FULL_145779.txt
../data/parkinson/3108_007_Baseline/3108_007_Baseline_NxNmatrix_FULL_121827.txt
../data/parkinson/3108_007_Month-12/3108_007_Month-12_NxNmatrix_FULL_120203.txt
../data/parkinson/3108_007_Month-24/3108_007_Month-24_NxNmatrix_FULL_119568.txt
../data/parkinson/3111_007_Baseline/3111_007_Baseline_NxNmatrix_FULL_155362.txt
../data/parkinson/3111_007_Month-12/3111_007_Month-12_NxNmatrix_FULL_146930.txt
../data/parkinson/3111_007_Month-24/3111_007_Month-24_NxNmatrix_FULL_146791.txt
../data/parkinson/3112_007_Baseline/3112_007_Baseline_NxNmatrix_FULL_120354.txt
../data/parkinson/3113_007_Month-12/3113_007_Month-12_NxNmatrix_FULL_138987.txt
../data/parkinson/3113_007_Month-24/3113_007_Month-24_NxNmatrix_FULL_135456.txt
../data/parkinson/3115_007_Month-12/3115_007_Month-12_NxNmatrix_FULL_146605.txt
../data/parkinson/3116_007_Baseline/3116_007_Baseline_NxNmatrix_FULL_128377.txt
../data/parkinson/3116_007_Month-12/3116_007_Month-12_NxNmatrix_FULL_124746.txt
../data/parkinson/3118_007_Baseline/3118_007_Baseline_NxNmatrix_FULL_121492.txt
../data/parkinson/3118_007_Month-12/3118_007_Month-12_NxNmatrix_FULL_118104.txt
../data/parkinson/3118_007_Month-24/3118_007_Month-24_NxNmatrix_FULL_125090.txt
../data/parkinson/3119_007_Baseline/3119_007_Baseline_NxNmatrix_FULL_139857.txt
../data/parkinson/3119_007_Month-12/3119_007_Month-12_NxNmatrix_FULL_135481.txt
../data/parkinson/3119_007_Month-24/3119_007_Month-24_NxNmatrix_FULL_140782.txt
../data/parkinson/3120_007_Baseline/3120_007_Baseline_NxNmatrix_FULL_135169.txt
../data/parkinson/3120_007_Month-12/3120_007_Month-12_NxNmatrix_FULL_138334.txt
../data/parkinson/3123_007_Baseline/3123_007_Baseline_NxNmatrix_FULL_144829.txt
../data/parkinson/3123_007_Month-24/3123_007_Month-24_NxNmatrix_FULL_141872.txt
../data/parkinson/3124_007_Baseline/3124_007_Baseline_NxNmatrix_FULL_163418.txt
../data/parkinson/3124_007_Month-12/3124_007_Month-12_NxNmatrix_FULL_163937.txt
../data/parkinson/3124_007_Month-24/3124_007_Month-24_NxNmatrix_FULL_168895.txt
../data/parkinson/3125_007_Baseline/3125_007_Baseline_NxNmatrix_FULL_142322.txt
../data/parkinson/3125_007_Month-12/3125_007_Month-12_NxNmatrix_FULL_143379.txt
../data/parkinson/3125_007_Month-24/3125_007_Month-24_NxNmatrix_FULL_144852.txt
../data/parkinson/3126_007_Baseline/3126_007_Baseline_NxNmatrix_FULL_129086.txt
../data/parkinson/3126_007_Month-24/3126_007_Month-24_NxNmatrix_FULL_128015.txt
../data/parkinson/3127_007_Baseline/3127_007_Baseline_NxNmatrix_FULL_151085.txt
../data/parkinson/3128_007_Baseline/3128_007_Baseline_NxNmatrix_FULL_114565.txt
../data/parkinson/3128_007_Month-24/3128_007_Month-24_NxNmatrix_FULL_117610.txt
../data/parkinson/3129_007_Baseline/3129_007_Baseline_NxNmatrix_FULL_180434.txt
../data/parkinson/3130_007_Baseline/3130_007_Baseline_NxNmatrix_FULL_143920.txt
../data/parkinson/3131_007_Baseline/3131_007_Baseline_NxNmatrix_FULL_158789.txt
../data/parkinson/3131_007_Month-24/3131_007_Month-24_NxNmatrix_FULL_157471.txt
../data/parkinson/3132_007_Month-12/3132_007_Month-12_NxNmatrix_FULL_163971.txt
../data/parkinson/3134_007_Baseline/3134_007_Baseline_NxNmatrix_FULL_159916.txt
../data/parkinson/3134_007_Month-12/3134_007_Month-12_NxNmatrix_FULL_163562.txt
../data/parkinson/3150_073_Baseline/3150_073_Baseline_NxNmatrix_FULL_113693.txt
../data/parkinson/3150_073_Month-12/3150_073_Month-12_NxNmatrix_FULL_118556.txt
../data/parkinson/3151_073_Baseline/3151_073_Baseline_NxNmatrix_FULL_136720.txt
../data/parkinson/3151_073_Month-12/3151_073_Month-12_NxNmatrix_FULL_132663.txt
../data/parkinson/3154_012_Baseline/3154_012_Baseline_NxNmatrix_FULL_131887.txt
../data/parkinson/3154_012_Month-12/3154_012_Month-12_NxNmatrix_FULL_131072.txt
../data/parkinson/3154_012_Month-24/3154_012_Month-24_NxNmatrix_FULL_127173.txt
../data/parkinson/3157_012_Baseline/3157_012_Baseline_NxNmatrix_FULL_101049.txt
../data/parkinson/3157_012_Month-12/3157_012_Month-12_NxNmatrix_FULL_102672.txt
../data/parkinson/3160_012_Month-12/3160_012_Month-12_NxNmatrix_FULL_144969.txt
../data/parkinson/3161_012_Baseline/3161_012_Baseline_NxNmatrix_FULL_140793.txt
../data/parkinson/3161_012_Month-12/3161_012_Month-12_NxNmatrix_FULL_140203.txt
../data/parkinson/3165_073_Baseline/3165_073_Baseline_NxNmatrix_FULL_140584.txt
../data/parkinson/3165_073_Month-12/3165_073_Month-12_NxNmatrix_FULL_138989.txt
../data/parkinson/3166_012_Baseline/3166_012_Baseline_NxNmatrix_FULL_142574.txt
../data/parkinson/3166_012_Month-12/3166_012_Month-12_NxNmatrix_FULL_144320.txt
../data/parkinson/3166_012_Month-24/3166_012_Month-24_NxNmatrix_FULL_143428.txt
../data/parkinson/3167_012_Baseline/3167_012_Baseline_NxNmatrix_FULL_135690.txt
../data/parkinson/3168_073_Baseline/3168_073_Baseline_NxNmatrix_FULL_129621.txt
../data/parkinson/3168_073_Month-12/3168_073_Month-12_NxNmatrix_FULL_129099.txt
../data/parkinson/3168_073_Month-24/3168_073_Month-24_NxNmatrix_FULL_131288.txt
../data/parkinson/3169_073_Baseline/3169_073_Baseline_NxNmatrix_FULL_153998.txt
../data/parkinson/3171_012_Baseline/3171_012_Baseline_NxNmatrix_FULL_136764.txt
../data/parkinson/3171_012_Month-12/3171_012_Month-12_NxNmatrix_FULL_136537.txt
../data/parkinson/3172_012_Baseline/3172_012_Baseline_NxNmatrix_FULL_144262.txt
../data/parkinson/3172_012_Month-12/3172_012_Month-12_NxNmatrix_FULL_141397.txt
../data/parkinson/3173_073_Month-12/3173_073_Month-12_NxNmatrix_FULL_133959.txt
../data/parkinson/3173_073_Month-24/3173_073_Month-24_NxNmatrix_FULL_131529.txt
../data/parkinson/3174_012_Baseline/3174_012_Baseline_NxNmatrix_FULL_154481.txt
../data/parkinson/3174_012_Month-12/3174_012_Month-12_NxNmatrix_FULL_155786.txt
../data/parkinson/3175_073_Baseline/3175_073_Baseline_NxNmatrix_FULL_127443.txt
../data/parkinson/3175_073_Month-12/3175_073_Month-12_NxNmatrix_FULL_123333.txt
../data/parkinson/3175_073_Month-24/3175_073_Month-24_NxNmatrix_FULL_123510.txt
../data/parkinson/3176_073_Baseline/3176_073_Baseline_NxNmatrix_FULL_156869.txt
../data/parkinson/3176_073_Month-12/3176_073_Month-12_NxNmatrix_FULL_156634.txt
../data/parkinson/3178_012_Baseline/3178_012_Baseline_NxNmatrix_FULL_105735.txt
../data/parkinson/3178_012_Month-12/3178_012_Month-12_NxNmatrix_FULL_107953.txt
../data/parkinson/3178_012_Month-24/3178_012_Month-24_NxNmatrix_FULL_123887.txt
../data/parkinson/3179_012_Month-24/3179_012_Month-24_NxNmatrix_FULL_172144.txt
../data/parkinson/3181_073_Baseline/3181_073_Baseline_NxNmatrix_FULL_137662.txt
../data/parkinson/3181_073_Month-24/3181_073_Month-24_NxNmatrix_FULL_139430.txt
../data/parkinson/3182_012_Baseline/3182_012_Baseline_NxNmatrix_FULL_143208.txt
../data/parkinson/3182_012_Month-24/3182_012_Month-24_NxNmatrix_FULL_133077.txt
../data/parkinson/3184_012_Baseline/3184_012_Baseline_NxNmatrix_FULL_124038.txt
../data/parkinson/3184_012_Month-12/3184_012_Month-12_NxNmatrix_FULL_123079.txt
../data/parkinson/3184_012_Month-24/3184_012_Month-24_NxNmatrix_FULL_123427.txt
../data/parkinson/3185_073_Baseline/3185_073_Baseline_NxNmatrix_FULL_120271.txt
../data/parkinson/3185_073_Month-12/3185_073_Month-12_NxNmatrix_FULL_119829.txt
../data/parkinson/3188_073_Baseline/3188_073_Baseline_NxNmatrix_FULL_126112.txt
../data/parkinson/3188_073_Month-12/3188_073_Month-12_NxNmatrix_FULL_119517.txt
../data/parkinson/3190_012_Baseline/3190_012_Baseline_NxNmatrix_FULL_115928.txt
../data/parkinson/3190_012_Month-12/3190_012_Month-12_NxNmatrix_FULL_108563.txt
../data/parkinson/3191_012_Baseline/3191_012_Baseline_NxNmatrix_FULL_113655.txt
../data/parkinson/3191_012_Month-12/3191_012_Month-12_NxNmatrix_FULL_114908.txt
../data/parkinson/3300_120_Baseline/3300_120_Baseline_NxNmatrix_FULL_133232.txt
../data/parkinson/3300_120_Month-12/3300_120_Month-12_NxNmatrix_FULL_131304.txt
../data/parkinson/3305_028_Month-12/3305_028_Month-12_NxNmatrix_FULL_167474.txt
../data/parkinson/3307_028_Month-24/3307_028_Month-24_NxNmatrix_FULL_152569.txt
../data/parkinson/3308_028_Baseline/3308_028_Baseline_NxNmatrix_FULL_160646.txt
../data/parkinson/3308_028_Month-12/3308_028_Month-12_NxNmatrix_FULL_165065.txt
../data/parkinson/3308_028_Month-24/3308_028_Month-24_NxNmatrix_FULL_159530.txt
../data/parkinson/3309_028_Baseline/3309_028_Baseline_NxNmatrix_FULL_118530.txt
../data/parkinson/3309_028_Month-24/3309_028_Month-24_NxNmatrix_FULL_120142.txt
../data/parkinson/3310_028_Baseline/3310_028_Baseline_NxNmatrix_FULL_120637.txt
../data/parkinson/3310_028_Month-12/3310_028_Month-12_NxNmatrix_FULL_122598.txt
../data/parkinson/3311_028_Baseline/3311_028_Baseline_NxNmatrix_FULL_152574.txt
../data/parkinson/3314_028_Month-12/3314_028_Month-12_NxNmatrix_FULL_108079.txt
../data/parkinson/3316_028_Baseline/3316_028_Baseline_NxNmatrix_FULL_132688.txt
../data/parkinson/3316_028_Month-24/3316_028_Month-24_NxNmatrix_FULL_138099.txt
../data/parkinson/3318_028_Month-12/3318_028_Month-12_NxNmatrix_FULL_115856.txt
../data/parkinson/3318_028_Month-24/3318_028_Month-24_NxNmatrix_FULL_113001.txt
../data/parkinson/3320_028_Baseline/3320_028_Baseline_NxNmatrix_FULL_134473.txt
../data/parkinson/3321_028_Baseline/3321_028_Baseline_NxNmatrix_FULL_111202.txt
../data/parkinson/3321_028_Month-24/3321_028_Month-24_NxNmatrix_FULL_104414.txt
../data/parkinson/3322_028_Baseline/3322_028_Baseline_NxNmatrix_FULL_117030.txt
../data/parkinson/3323_028_Baseline/3323_028_Baseline_NxNmatrix_FULL_180428.txt
../data/parkinson/3325_028_Month-12/3325_028_Month-12_NxNmatrix_FULL_143782.txt
../data/parkinson/3327_028_Baseline/3327_028_Baseline_NxNmatrix_FULL_155633.txt
../data/parkinson/3327_028_Month-12/3327_028_Month-12_NxNmatrix_FULL_153492.txt
../data/parkinson/3328_028_Month-12/3328_028_Month-12_NxNmatrix_FULL_141392.txt
../data/parkinson/3332_028_Baseline/3332_028_Baseline_NxNmatrix_FULL_147430.txt
../data/parkinson/3352_032_Month-12/3352_032_Month-12_NxNmatrix_FULL_166610.txt
../data/parkinson/3352_032_Month-24/3352_032_Month-24_NxNmatrix_FULL_163363.txt
../data/parkinson/3353_032_Month-12/3353_032_Month-12_NxNmatrix_FULL_142697.txt
../data/parkinson/3354_032_Month-24/3354_032_Month-24_NxNmatrix_FULL_145251.txt
../data/parkinson/3355_032_Month-12/3355_032_Month-12_NxNmatrix_FULL_136259.txt
../data/parkinson/3358_032_Month-12/3358_032_Month-12_NxNmatrix_FULL_155323.txt
../data/parkinson/3359_032_Month-12/3359_032_Month-12_NxNmatrix_FULL_133577.txt
../data/parkinson/3359_032_Month-24/3359_032_Month-24_NxNmatrix_FULL_133739.txt
../data/parkinson/3360_032_Month-12/3360_032_Month-12_NxNmatrix_FULL_168530.txt
../data/parkinson/3360_032_Month-24/3360_032_Month-24_NxNmatrix_FULL_175276.txt
../data/parkinson/3361_032_Month-12/3361_032_Month-12_NxNmatrix_FULL_138819.txt
../data/parkinson/3364_032_Month-12/3364_032_Month-12_NxNmatrix_FULL_140705.txt
../data/parkinson/3364_032_Month-24/3364_032_Month-24_NxNmatrix_FULL_140726.txt
../data/parkinson/3365_032_Baseline/3365_032_Baseline_NxNmatrix_FULL_138033.txt
../data/parkinson/3365_032_Month-12/3365_032_Month-12_NxNmatrix_FULL_135111.txt
../data/parkinson/3365_032_Month-24/3365_032_Month-24_NxNmatrix_FULL_136739.txt
../data/parkinson/3366_032_Baseline/3366_032_Baseline_NxNmatrix_FULL_156397.txt
../data/parkinson/3366_032_Month-12/3366_032_Month-12_NxNmatrix_FULL_144057.txt
../data/parkinson/3366_032_Month-24/3366_032_Month-24_NxNmatrix_FULL_151866.txt
../data/parkinson/3367_032_Baseline/3367_032_Baseline_NxNmatrix_FULL_137429.txt
../data/parkinson/3367_032_Month-12/3367_032_Month-12_NxNmatrix_FULL_136145.txt
../data/parkinson/3367_032_Month-24/3367_032_Month-24_NxNmatrix_FULL_140806.txt
../data/parkinson/3368_032_Baseline/3368_032_Baseline_NxNmatrix_FULL_141588.txt
../data/parkinson/3368_032_Month-12/3368_032_Month-12_NxNmatrix_FULL_136738.txt
../data/parkinson/3369_032_Baseline/3369_032_Baseline_NxNmatrix_FULL_136232.txt
../data/parkinson/3369_032_Month-12/3369_032_Month-12_NxNmatrix_FULL_127736.txt
../data/parkinson/3371_032_Baseline/3371_032_Baseline_NxNmatrix_FULL_143798.txt
../data/parkinson/3371_032_Month-12/3371_032_Month-12_NxNmatrix_FULL_137222.txt
../data/parkinson/3372_032_Baseline/3372_032_Baseline_NxNmatrix_FULL_164010.txt
../data/parkinson/3372_032_Month-24/3372_032_Month-24_NxNmatrix_FULL_154240.txt
../data/parkinson/3373_032_Baseline/3373_032_Baseline_NxNmatrix_FULL_135530.txt
../data/parkinson/3373_032_Month-12/3373_032_Month-12_NxNmatrix_FULL_134630.txt
../data/parkinson/3374_032_Baseline/3374_032_Baseline_NxNmatrix_FULL_122561.txt
../data/parkinson/3374_032_Month-12/3374_032_Month-12_NxNmatrix_FULL_127778.txt
../data/parkinson/3375_032_Month-12/3375_032_Month-12_NxNmatrix_FULL_138709.txt
../data/parkinson/3377_032_Baseline/3377_032_Baseline_NxNmatrix_FULL_133932.txt
../data/parkinson/3377_032_Month-12/3377_032_Month-12_NxNmatrix_FULL_132577.txt
../data/parkinson/3377_032_Month-24/3377_032_Month-24_NxNmatrix_FULL_133282.txt
../data/parkinson/3378_032_Month-12/3378_032_Month-12_NxNmatrix_FULL_171826.txt
../data/parkinson/3378_032_Month-24/3378_032_Month-24_NxNmatrix_FULL_179000.txt
../data/parkinson/3380_032_Baseline/3380_032_Baseline_NxNmatrix_FULL_116642.txt
../data/parkinson/3380_032_Month-12/3380_032_Month-12_NxNmatrix_FULL_116077.txt
../data/parkinson/3380_032_Month-24/3380_032_Month-24_NxNmatrix_FULL_117264.txt
../data/parkinson/3383_032_Baseline/3383_032_Baseline_NxNmatrix_FULL_157865.txt
../data/parkinson/3383_032_Month-12/3383_032_Month-12_NxNmatrix_FULL_160446.txt
../data/parkinson/3385_032_Baseline/3385_032_Baseline_NxNmatrix_FULL_134709.txt
../data/parkinson/3385_032_Month-12/3385_032_Month-12_NxNmatrix_FULL_135183.txt
../data/parkinson/3386_032_Baseline/3386_032_Baseline_NxNmatrix_FULL_142874.txt
../data/parkinson/3386_032_Month-12/3386_032_Month-12_NxNmatrix_FULL_135343.txt
../data/parkinson/3387_032_Baseline/3387_032_Baseline_NxNmatrix_FULL_131997.txt
../data/parkinson/3387_032_Month-12/3387_032_Month-12_NxNmatrix_FULL_132449.txt
../data/parkinson/3389_032_Baseline/3389_032_Baseline_NxNmatrix_FULL_122619.txt
../data/parkinson/3390_032_Baseline/3390_032_Baseline_NxNmatrix_FULL_134884.txt
../data/parkinson/3392_032_Baseline/3392_032_Baseline_NxNmatrix_FULL_116448.txt
../data/parkinson/3392_032_Month-12/3392_032_Month-12_NxNmatrix_FULL_116516.txt
../data/parkinson/3551_088_Baseline/3551_088_Baseline_NxNmatrix_FULL_153190.txt
../data/parkinson/3551_088_Month-12/3551_088_Month-12_NxNmatrix_FULL_136405.txt
../data/parkinson/3552_088_Baseline/3552_088_Baseline_NxNmatrix_FULL_146430.txt
../data/parkinson/3552_088_Month-12/3552_088_Month-12_NxNmatrix_FULL_147805.txt
../data/parkinson/3552_088_Month-24/3552_088_Month-24_NxNmatrix_FULL_143308.txt
../data/parkinson/3552_088_Month-48/3552_088_Month-48_NxNmatrix_FULL_137303.txt
../data/parkinson/3554_088_Baseline/3554_088_Baseline_NxNmatrix_FULL_140212.txt
../data/parkinson/3554_088_Month-12/3554_088_Month-12_NxNmatrix_FULL_139730.txt
../data/parkinson/3556_088_Baseline/3556_088_Baseline_NxNmatrix_FULL_139066.txt
../data/parkinson/3556_088_Month-12/3556_088_Month-12_NxNmatrix_FULL_135137.txt
../data/parkinson/3556_088_Month-24/3556_088_Month-24_NxNmatrix_FULL_140585.txt
../data/parkinson/3556_088_Month-48/3556_088_Month-48_NxNmatrix_FULL_129573.txt
../data/parkinson/3557_088_Month-12/3557_088_Month-12_NxNmatrix_FULL_158013.txt
../data/parkinson/3557_088_Month-24/3557_088_Month-24_NxNmatrix_FULL_155861.txt
../data/parkinson/3557_088_Month-48/3557_088_Month-48_NxNmatrix_FULL_165673.txt
../data/parkinson/3558_088_Baseline/3558_088_Baseline_NxNmatrix_FULL_161713.txt
../data/parkinson/3558_088_Month-12/3558_088_Month-12_NxNmatrix_FULL_159098.txt
../data/parkinson/3558_088_Month-24/3558_088_Month-24_NxNmatrix_FULL_161492.txt
../data/parkinson/3559_088_Baseline/3559_088_Baseline_NxNmatrix_FULL_138915.txt
../data/parkinson/3559_088_Month-12/3559_088_Month-12_NxNmatrix_FULL_132406.txt
../data/parkinson/3559_088_Month-24/3559_088_Month-24_NxNmatrix_FULL_141180.txt
../data/parkinson/3563_088_Baseline/3563_088_Baseline_NxNmatrix_FULL_144543.txt
../data/parkinson/3563_088_Month-12/3563_088_Month-12_NxNmatrix_FULL_146914.txt
../data/parkinson/3564_088_Baseline/3564_088_Baseline_NxNmatrix_FULL_152429.txt
../data/parkinson/3565_088_Month-12/3565_088_Month-12_NxNmatrix_FULL_169390.txt
../data/parkinson/3567_088_Baseline/3567_088_Baseline_NxNmatrix_FULL_147254.txt
../data/parkinson/3567_088_Month-12/3567_088_Month-12_NxNmatrix_FULL_148159.txt
../data/parkinson/3567_088_Month-24/3567_088_Month-24_NxNmatrix_FULL_143709.txt
../data/parkinson/3570_088_Baseline/3570_088_Baseline_NxNmatrix_FULL_169478.txt
../data/parkinson/3570_088_Month-12/3570_088_Month-12_NxNmatrix_FULL_162972.txt
../data/parkinson/3571_088_Baseline/3571_088_Baseline_NxNmatrix_FULL_166103.txt
../data/parkinson/3571_088_Month-12/3571_088_Month-12_NxNmatrix_FULL_167587.txt
../data/parkinson/3572_088_Month-12/3572_088_Month-12_NxNmatrix_FULL_131332.txt
../data/parkinson/3574_088_Baseline/3574_088_Baseline_NxNmatrix_FULL_129688.txt
../data/parkinson/3574_088_Month-24/3574_088_Month-24_NxNmatrix_FULL_126479.txt
../data/parkinson/3575_088_Baseline/3575_088_Baseline_NxNmatrix_FULL_149042.txt
../data/parkinson/3575_088_Month-12/3575_088_Month-12_NxNmatrix_FULL_152913.txt
../data/parkinson/3577_088_Baseline/3577_088_Baseline_NxNmatrix_FULL_165911.txt
../data/parkinson/3577_088_Month-12/3577_088_Month-12_NxNmatrix_FULL_167527.txt
../data/parkinson/3584_088_Baseline/3584_088_Baseline_NxNmatrix_FULL_183531.txt
../data/parkinson/3584_088_Month-12/3584_088_Month-12_NxNmatrix_FULL_185528.txt
../data/parkinson/3585_088_Baseline/3585_088_Baseline_NxNmatrix_FULL_154953.txt
../data/parkinson/3585_088_Month-12/3585_088_Month-12_NxNmatrix_FULL_157541.txt
../data/parkinson/3586_088_Baseline/3586_088_Baseline_NxNmatrix_FULL_144532.txt
../data/parkinson/3586_088_Month-12/3586_088_Month-12_NxNmatrix_FULL_132893.txt
../data/parkinson/3587_088_Baseline/3587_088_Baseline_NxNmatrix_FULL_157013.txt
../data/parkinson/3587_088_Month-12/3587_088_Month-12_NxNmatrix_FULL_150187.txt
../data/parkinson/3587_088_Month-24/3587_088_Month-24_NxNmatrix_FULL_150927.txt
../data/parkinson/3591_088_Baseline/3591_088_Baseline_NxNmatrix_FULL_151524.txt
../data/parkinson/3592_088_Baseline/3592_088_Baseline_NxNmatrix_FULL_152346.txt
../data/parkinson/3592_088_Month-12/3592_088_Month-12_NxNmatrix_FULL_153119.txt
../data/parkinson/3593_088_Baseline/3593_088_Baseline_NxNmatrix_FULL_125461.txt
../data/parkinson/3593_088_Month-12/3593_088_Month-12_NxNmatrix_FULL_124679.txt
../data/parkinson/3750_289_Month-12/3750_289_Month-12_NxNmatrix_FULL_164390.txt
../data/parkinson/3752_289_Baseline/3752_289_Baseline_NxNmatrix_FULL_146546.txt
../data/parkinson/3752_289_Month-24/3752_289_Month-24_NxNmatrix_FULL_141853.txt
../data/parkinson/3753_289_Baseline/3753_289_Baseline_NxNmatrix_FULL_138854.txt
../data/parkinson/3756_289_Baseline/3756_289_Baseline_NxNmatrix_FULL_137305.txt
../data/parkinson/3756_289_Month-12/3756_289_Month-12_NxNmatrix_FULL_139546.txt
../data/parkinson/3757_289_Baseline/3757_289_Baseline_NxNmatrix_FULL_126816.txt
../data/parkinson/3757_289_Month-12/3757_289_Month-12_NxNmatrix_FULL_125326.txt
../data/parkinson/3757_289_Month-24/3757_289_Month-24_NxNmatrix_FULL_130253.txt
../data/parkinson/3758_289_Baseline/3758_289_Baseline_NxNmatrix_FULL_140350.txt
../data/parkinson/3758_289_Month-12/3758_289_Month-12_NxNmatrix_FULL_141473.txt
../data/parkinson/3758_289_Month-24/3758_289_Month-24_NxNmatrix_FULL_142480.txt
../data/parkinson/3759_289_Baseline/3759_289_Baseline_NxNmatrix_FULL_129795.txt
../data/parkinson/3759_289_Month-12/3759_289_Month-12_NxNmatrix_FULL_130517.txt
../data/parkinson/3760_289_Baseline/3760_289_Baseline_NxNmatrix_FULL_145545.txt
../data/parkinson/3760_289_Month-12/3760_289_Month-12_NxNmatrix_FULL_148183.txt
../data/parkinson/3762_289_Baseline/3762_289_Baseline_NxNmatrix_FULL_147350.txt
../data/parkinson/3762_289_Month-24/3762_289_Month-24_NxNmatrix_FULL_142620.txt
../data/parkinson/3763_289_Baseline/3763_289_Baseline_NxNmatrix_FULL_161798.txt
../data/parkinson/3763_289_Month-12/3763_289_Month-12_NxNmatrix_FULL_163974.txt
../data/parkinson/3763_289_Month-24/3763_289_Month-24_NxNmatrix_FULL_165501.txt
../data/parkinson/3765_289_Baseline/3765_289_Baseline_NxNmatrix_FULL_123815.txt
../data/parkinson/3765_289_Month-12/3765_289_Month-12_NxNmatrix_FULL_124535.txt
../data/parkinson/3767_289_Baseline/3767_289_Baseline_NxNmatrix_FULL_140237.txt
../data/parkinson/3767_289_Month-12/3767_289_Month-12_NxNmatrix_FULL_148038.txt
../data/parkinson/3768_289_Baseline/3768_289_Baseline_NxNmatrix_FULL_155827.txt
../data/parkinson/3768_289_Month-12/3768_289_Month-12_NxNmatrix_FULL_160269.txt
../data/parkinson/3769_289_Baseline/3769_289_Baseline_NxNmatrix_FULL_120377.txt
../data/parkinson/3769_289_Month-12/3769_289_Month-12_NxNmatrix_FULL_128344.txt
../data/parkinson/3770_289_Baseline/3770_289_Baseline_NxNmatrix_FULL_150716.txt
../data/parkinson/3770_289_Month-12/3770_289_Month-12_NxNmatrix_FULL_154936.txt
../data/parkinson/3770_289_Month-24/3770_289_Month-24_NxNmatrix_FULL_158770.txt
../data/parkinson/3771_289_Month-12/3771_289_Month-12_NxNmatrix_FULL_105029.txt
../data/parkinson/3775_289_Baseline/3775_289_Baseline_NxNmatrix_FULL_163371.txt
../data/parkinson/3775_289_Month-12/3775_289_Month-12_NxNmatrix_FULL_168166.txt
../data/parkinson/3775_289_Month-24/3775_289_Month-24_NxNmatrix_FULL_163274.txt
../data/parkinson/3776_289_Baseline/3776_289_Baseline_NxNmatrix_FULL_127548.txt
../data/parkinson/3776_289_Month-12/3776_289_Month-12_NxNmatrix_FULL_128078.txt
../data/parkinson/3776_289_Month-24/3776_289_Month-24_NxNmatrix_FULL_129788.txt
../data/parkinson/3777_289_Baseline/3777_289_Baseline_NxNmatrix_FULL_130331.txt
../data/parkinson/3777_289_Month-12/3777_289_Month-12_NxNmatrix_FULL_134156.txt
../data/parkinson/3778_289_Baseline/3778_289_Baseline_NxNmatrix_FULL_110056.txt
../data/parkinson/3778_289_Month-12/3778_289_Month-12_NxNmatrix_FULL_111973.txt
../data/parkinson/3778_289_Month-24/3778_289_Month-24_NxNmatrix_FULL_114604.txt
../data/parkinson/3779_289_Baseline/3779_289_Baseline_NxNmatrix_FULL_166877.txt
../data/parkinson/3779_289_Month-12/3779_289_Month-12_NxNmatrix_FULL_169542.txt
../data/parkinson/3780_289_Baseline/3780_289_Baseline_NxNmatrix_FULL_115811.txt
../data/parkinson/3780_289_Month-12/3780_289_Month-12_NxNmatrix_FULL_118573.txt
../data/parkinson/3780_289_Month-24/3780_289_Month-24_NxNmatrix_FULL_116623.txt
../data/parkinson/3787_289_Baseline/3787_289_Baseline_NxNmatrix_FULL_153337.txt
../data/parkinson/3787_289_Month-12/3787_289_Month-12_NxNmatrix_FULL_151098.txt
../data/parkinson/3788_289_Baseline/3788_289_Baseline_NxNmatrix_FULL_142250.txt
../data/parkinson/3788_289_Month-12/3788_289_Month-12_NxNmatrix_FULL_141924.txt
../data/parkinson/3789_289_Baseline/3789_289_Baseline_NxNmatrix_FULL_123932.txt
../data/parkinson/3789_289_Month-12/3789_289_Month-12_NxNmatrix_FULL_121690.txt
../data/parkinson/3789_289_Month-24/3789_289_Month-24_NxNmatrix_FULL_123251.txt
../data/parkinson/3800_290_Baseline/3800_290_Baseline_NxNmatrix_FULL_161598.txt
../data/parkinson/3800_290_Month-12/3800_290_Month-12_NxNmatrix_FULL_161377.txt
../data/parkinson/3800_290_Month-24/3800_290_Month-24_NxNmatrix_FULL_159406.txt
../data/parkinson/3802_290_Month-12/3802_290_Month-12_NxNmatrix_FULL_135200.txt
../data/parkinson/3802_290_Month-24/3802_290_Month-24_NxNmatrix_FULL_133309.txt
../data/parkinson/3803_290_Baseline/3803_290_Baseline_NxNmatrix_FULL_135974.txt
../data/parkinson/3803_290_Month-12/3803_290_Month-12_NxNmatrix_FULL_137187.txt
../data/parkinson/3804_290_Baseline/3804_290_Baseline_NxNmatrix_FULL_138455.txt
../data/parkinson/3805_290_Month-12/3805_290_Month-12_NxNmatrix_FULL_124508.txt
../data/parkinson/3806_290_Baseline/3806_290_Baseline_NxNmatrix_FULL_134884.txt
../data/parkinson/3806_290_Month-12/3806_290_Month-12_NxNmatrix_FULL_135334.txt
../data/parkinson/3807_290_Baseline/3807_290_Baseline_NxNmatrix_FULL_157085.txt
../data/parkinson/3807_290_Month-12/3807_290_Month-12_NxNmatrix_FULL_156992.txt
../data/parkinson/3808_290_Baseline/3808_290_Baseline_NxNmatrix_FULL_161041.txt
../data/parkinson/3808_290_Month-12/3808_290_Month-12_NxNmatrix_FULL_157585.txt
../data/parkinson/3808_290_Month-24/3808_290_Month-24_NxNmatrix_FULL_156315.txt
../data/parkinson/3809_290_Baseline/3809_290_Baseline_NxNmatrix_FULL_127566.txt
../data/parkinson/3812_290_Baseline/3812_290_Baseline_NxNmatrix_FULL_121073.txt
../data/parkinson/3812_290_Month-12/3812_290_Month-12_NxNmatrix_FULL_125295.txt
../data/parkinson/3813_290_Screening/3813_290_Screening_NxNmatrix_FULL_135274.txt
../data/parkinson/3814_290_Baseline/3814_290_Baseline_NxNmatrix_FULL_150767.txt
../data/parkinson/3814_290_Month-12/3814_290_Month-12_NxNmatrix_FULL_144669.txt
../data/parkinson/3814_290_Month-24/3814_290_Month-24_NxNmatrix_FULL_151400.txt
../data/parkinson/3815_290_Baseline/3815_290_Baseline_NxNmatrix_FULL_139933.txt
../data/parkinson/3815_290_Month-12/3815_290_Month-12_NxNmatrix_FULL_142228.txt
../data/parkinson/3816_290_Baseline/3816_290_Baseline_NxNmatrix_FULL_142501.txt
../data/parkinson/3816_290_Screening/3816_290_Screening_NxNmatrix_FULL_142199.txt
../data/parkinson/3817_290_Baseline/3817_290_Baseline_NxNmatrix_FULL_135891.txt
../data/parkinson/3817_290_Screening/3817_290_Screening_NxNmatrix_FULL_130422.txt
../data/parkinson/3818_290_Baseline/3818_290_Baseline_NxNmatrix_FULL_107799.txt
../data/parkinson/3818_290_Month-12/3818_290_Month-12_NxNmatrix_FULL_107864.txt
../data/parkinson/3818_290_Month-24/3818_290_Month-24_NxNmatrix_FULL_105865.txt
../data/parkinson/3819_290_Baseline/3819_290_Baseline_NxNmatrix_FULL_116009.txt
../data/parkinson/3819_290_Month-12/3819_290_Month-12_NxNmatrix_FULL_111648.txt
../data/parkinson/3819_290_Month-24/3819_290_Month-24_NxNmatrix_FULL_117455.txt
../data/parkinson/3822_290_Baseline/3822_290_Baseline_NxNmatrix_FULL_150486.txt
../data/parkinson/3822_290_Month-12/3822_290_Month-12_NxNmatrix_FULL_151171.txt
../data/parkinson/3822_290_Month-24/3822_290_Month-24_NxNmatrix_FULL_150562.txt
../data/parkinson/3823_290_Baseline/3823_290_Baseline_NxNmatrix_FULL_149750.txt
../data/parkinson/3823_290_Month-12/3823_290_Month-12_NxNmatrix_FULL_146525.txt
../data/parkinson/3823_290_Month-24/3823_290_Month-24_NxNmatrix_FULL_147111.txt
../data/parkinson/3824_290_Month-12/3824_290_Month-12_NxNmatrix_FULL_138103.txt
../data/parkinson/3824_290_Month-24/3824_290_Month-24_NxNmatrix_FULL_138458.txt
../data/parkinson/3825_290_Baseline/3825_290_Baseline_NxNmatrix_FULL_165867.txt
../data/parkinson/3825_290_Month-12/3825_290_Month-12_NxNmatrix_FULL_165881.txt
../data/parkinson/3826_290_Baseline/3826_290_Baseline_NxNmatrix_FULL_133637.txt
../data/parkinson/3826_290_Month-12/3826_290_Month-12_NxNmatrix_FULL_133657.txt
../data/parkinson/3826_290_Month-24/3826_290_Month-24_NxNmatrix_FULL_127406.txt
../data/parkinson/3828_290_Baseline/3828_290_Baseline_NxNmatrix_FULL_135115.txt
../data/parkinson/3828_290_Month-12/3828_290_Month-12_NxNmatrix_FULL_137324.txt
../data/parkinson/3828_290_Month-24/3828_290_Month-24_NxNmatrix_FULL_132334.txt
../data/parkinson/3829_290_Baseline/3829_290_Baseline_NxNmatrix_FULL_143319.txt
../data/parkinson/3829_290_Month-12/3829_290_Month-12_NxNmatrix_FULL_135589.txt
../data/parkinson/3829_290_Month-24/3829_290_Month-24_NxNmatrix_FULL_138132.txt
../data/parkinson/3831_290_Baseline/3831_290_Baseline_NxNmatrix_FULL_127863.txt
../data/parkinson/3831_290_Month-12/3831_290_Month-12_NxNmatrix_FULL_126062.txt
../data/parkinson/3831_290_Month-24/3831_290_Month-24_NxNmatrix_FULL_126213.txt
../data/parkinson/3832_290_Baseline/3832_290_Baseline_NxNmatrix_FULL_152081.txt
../data/parkinson/3832_290_Month-12/3832_290_Month-12_NxNmatrix_FULL_148852.txt
../data/parkinson/3832_290_Month-24/3832_290_Month-24_NxNmatrix_FULL_148407.txt
../data/parkinson/3833_290_Screening/3833_290_Screening_NxNmatrix_FULL_128763.txt
../data/parkinson/3834_290_Baseline/3834_290_Baseline_NxNmatrix_FULL_163559.txt
../data/parkinson/3834_290_Month-12/3834_290_Month-12_NxNmatrix_FULL_165343.txt
../data/parkinson/3834_290_Month-24/3834_290_Month-24_NxNmatrix_FULL_160765.txt
../data/parkinson/3835_290_Baseline/3835_290_Baseline_NxNmatrix_FULL_147149.txt
../data/parkinson/3835_290_Month-12/3835_290_Month-12_NxNmatrix_FULL_149983.txt
../data/parkinson/3835_290_Month-24/3835_290_Month-24_NxNmatrix_FULL_159629.txt
../data/parkinson/3837_290_Screening/3837_290_Screening_NxNmatrix_FULL_163761.txt
../data/parkinson/3838_290_Baseline/3838_290_Baseline_NxNmatrix_FULL_151370.txt
../data/parkinson/3838_290_Month-12/3838_290_Month-12_NxNmatrix_FULL_152706.txt
../data/parkinson/3850_291_Baseline/3850_291_Baseline_NxNmatrix_FULL_130840.txt
../data/parkinson/3850_291_Month-12/3850_291_Month-12_NxNmatrix_FULL_132119.txt
../data/parkinson/3851_291_Baseline/3851_291_Baseline_NxNmatrix_FULL_120759.txt
../data/parkinson/3851_291_Month-12/3851_291_Month-12_NxNmatrix_FULL_118348.txt
../data/parkinson/3851_291_Month-24/3851_291_Month-24_NxNmatrix_FULL_119742.txt
../data/parkinson/3852_291_Baseline/3852_291_Baseline_NxNmatrix_FULL_151647.txt
../data/parkinson/3852_291_Month-12/3852_291_Month-12_NxNmatrix_FULL_141092.txt
../data/parkinson/3852_291_Month-36/3852_291_Month-36_NxNmatrix_FULL_137419.txt
../data/parkinson/3853_291_Baseline/3853_291_Baseline_NxNmatrix_FULL_132093.txt
../data/parkinson/3853_291_Month-24/3853_291_Month-24_NxNmatrix_FULL_131566.txt
../data/parkinson/3854_291_Baseline/3854_291_Baseline_NxNmatrix_FULL_159413.txt
../data/parkinson/3854_291_Month-12/3854_291_Month-12_NxNmatrix_FULL_156203.txt
../data/parkinson/3854_291_Month-24/3854_291_Month-24_NxNmatrix_FULL_162607.txt
../data/parkinson/3855_291_Baseline/3855_291_Baseline_NxNmatrix_FULL_135712.txt
../data/parkinson/3855_291_Month-12/3855_291_Month-12_NxNmatrix_FULL_132310.txt
../data/parkinson/3857_291_Baseline/3857_291_Baseline_NxNmatrix_FULL_108995.txt
../data/parkinson/3857_291_Month-12/3857_291_Month-12_NxNmatrix_FULL_106732.txt
../data/parkinson/3857_291_Month-24/3857_291_Month-24_NxNmatrix_FULL_110833.txt
../data/parkinson/3859_291_Month-24/3859_291_Month-24_NxNmatrix_FULL_137440.txt
../data/parkinson/3866_291_Baseline/3866_291_Baseline_NxNmatrix_FULL_114185.txt
../data/parkinson/3866_291_Month-12/3866_291_Month-12_NxNmatrix_FULL_112596.txt
../data/parkinson/3867_291_Month-12/3867_291_Month-12_NxNmatrix_FULL_135265.txt
../data/parkinson/3868_291_Baseline/3868_291_Baseline_NxNmatrix_FULL_120298.txt
../data/parkinson/3868_291_Month-12/3868_291_Month-12_NxNmatrix_FULL_111843.txt
../data/parkinson/3869_291_Month-12/3869_291_Month-12_NxNmatrix_FULL_162453.txt
../data/parkinson/3870_291_Baseline/3870_291_Baseline_NxNmatrix_FULL_160134.txt
../data/parkinson/3870_291_Month-12/3870_291_Month-12_NxNmatrix_FULL_156880.txt
../data/parkinson/4001_120_Baseline/4001_120_Baseline_NxNmatrix_FULL_143007.txt
../data/parkinson/4004_120_Baseline/4004_120_Baseline_NxNmatrix_FULL_127505.txt
../data/parkinson/4004_120_Month-12/4004_120_Month-12_NxNmatrix_FULL_123156.txt
../data/parkinson/4005_120_Baseline/4005_120_Baseline_NxNmatrix_FULL_119508.txt
../data/parkinson/4005_120_Month-12/4005_120_Month-12_NxNmatrix_FULL_119817.txt
../data/parkinson/4005_120_Month-24/4005_120_Month-24_NxNmatrix_FULL_116553.txt
../data/parkinson/4010_120_Baseline/4010_120_Baseline_NxNmatrix_FULL_125152.txt
../data/parkinson/4010_120_Month-12/4010_120_Month-12_NxNmatrix_FULL_133022.txt
../data/parkinson/4011_120_Month-12/4011_120_Month-12_NxNmatrix_FULL_120811.txt
../data/parkinson/4011_120_Month-24/4011_120_Month-24_NxNmatrix_FULL_118962.txt
../data/parkinson/4012_120_Baseline/4012_120_Baseline_NxNmatrix_FULL_141317.txt
../data/parkinson/4012_120_Month-12/4012_120_Month-12_NxNmatrix_FULL_142324.txt
../data/parkinson/4012_120_Month-24/4012_120_Month-24_NxNmatrix_FULL_140892.txt
../data/parkinson/4013_120_Baseline/4013_120_Baseline_NxNmatrix_FULL_177946.txt
../data/parkinson/4013_120_Month-12/4013_120_Month-12_NxNmatrix_FULL_166419.txt
../data/parkinson/4013_120_Month-24/4013_120_Month-24_NxNmatrix_FULL_161056.txt
../data/parkinson/4019_120_Month-12/4019_120_Month-12_NxNmatrix_FULL_141807.txt
../data/parkinson/4019_120_Month-24/4019_120_Month-24_NxNmatrix_FULL_142266.txt
../data/parkinson/4020_120_Baseline/4020_120_Baseline_NxNmatrix_FULL_159898.txt
../data/parkinson/4020_120_Month-12/4020_120_Month-12_NxNmatrix_FULL_160690.txt
../data/parkinson/4020_120_Month-24/4020_120_Month-24_NxNmatrix_FULL_165794.txt
../data/parkinson/4021_120_Baseline/4021_120_Baseline_NxNmatrix_FULL_129969.txt
../data/parkinson/4021_120_Month-12/4021_120_Month-12_NxNmatrix_FULL_132694.txt
../data/parkinson/4021_120_Month-24/4021_120_Month-24_NxNmatrix_FULL_127275.txt
../data/parkinson/4022_120_Baseline/4022_120_Baseline_NxNmatrix_FULL_152478.txt
../data/parkinson/4022_120_Month-12/4022_120_Month-12_NxNmatrix_FULL_150829.txt
../data/parkinson/4022_120_Month-24/4022_120_Month-24_NxNmatrix_FULL_154085.txt
../data/parkinson/4024_120_Baseline/4024_120_Baseline_NxNmatrix_FULL_133330.txt
../data/parkinson/4024_120_Month-12/4024_120_Month-12_NxNmatrix_FULL_132111.txt
../data/parkinson/4024_120_Month-24/4024_120_Month-24_NxNmatrix_FULL_132621.txt
../data/parkinson/4025_120_Baseline/4025_120_Baseline_NxNmatrix_FULL_130845.txt
../data/parkinson/4025_120_Month-12/4025_120_Month-12_NxNmatrix_FULL_131971.txt
../data/parkinson/4025_120_Month-24/4025_120_Month-24_NxNmatrix_FULL_133644.txt
../data/parkinson/4026_120_Baseline/4026_120_Baseline_NxNmatrix_FULL_140872.txt
../data/parkinson/4026_120_Month-12/4026_120_Month-12_NxNmatrix_FULL_142615.txt
../data/parkinson/4026_120_Month-24/4026_120_Month-24_NxNmatrix_FULL_143747.txt
../data/parkinson/4027_120_Baseline/4027_120_Baseline_NxNmatrix_FULL_142667.txt
../data/parkinson/4029_120_Baseline/4029_120_Baseline_NxNmatrix_FULL_169292.txt
../data/parkinson/4029_120_Month-12/4029_120_Month-12_NxNmatrix_FULL_174918.txt
../data/parkinson/4029_120_Month-24/4029_120_Month-24_NxNmatrix_FULL_171686.txt
../data/parkinson/4030_120_Baseline/4030_120_Baseline_NxNmatrix_FULL_153839.txt
../data/parkinson/4030_120_Month-12/4030_120_Month-12_NxNmatrix_FULL_153182.txt
../data/parkinson/4030_120_Month-24/4030_120_Month-24_NxNmatrix_FULL_152708.txt
../data/parkinson/4032_120_Baseline/4032_120_Baseline_NxNmatrix_FULL_129694.txt
../data/parkinson/4032_120_Month-12/4032_120_Month-12_NxNmatrix_FULL_126444.txt
../data/parkinson/4033_120_Baseline/4033_120_Baseline_NxNmatrix_FULL_138712.txt
../data/parkinson/4034_120_Month-12/4034_120_Month-12_NxNmatrix_FULL_162324.txt
../data/parkinson/4035_120_Baseline/4035_120_Baseline_NxNmatrix_FULL_140630.txt
../data/parkinson/4035_120_Month-12/4035_120_Month-12_NxNmatrix_FULL_138332.txt
../data/parkinson/4035_120_Month-24/4035_120_Month-24_NxNmatrix_FULL_142635.txt
../data/parkinson/4037_120_Baseline/4037_120_Baseline_NxNmatrix_FULL_171641.txt
../data/parkinson/4038_120_Month-12/4038_120_Month-12_NxNmatrix_FULL_126879.txt
../data/parkinson/4065_196_Baseline/4065_196_Baseline_NxNmatrix_FULL_124294.txt
../data/parkinson/4067_196_Baseline/4067_196_Baseline_NxNmatrix_FULL_140668.txt
../data/parkinson/4069_196_Baseline/4069_196_Baseline_NxNmatrix_FULL_174291.txt
../data/parkinson/4080_304_Baseline/4080_304_Baseline_NxNmatrix_FULL_141717.txt
../data/parkinson/4081_304_Month-12/4081_304_Month-12_NxNmatrix_FULL_145781.txt
../data/parkinson/4082_304_Baseline/4082_304_Baseline_NxNmatrix_FULL_123096.txt
../data/parkinson/4082_304_Month-12/4082_304_Month-12_NxNmatrix_FULL_124785.txt
../data/parkinson/4083_304_Baseline/4083_304_Baseline_NxNmatrix_FULL_141404.txt
../data/parkinson/4083_304_Month-12/4083_304_Month-12_NxNmatrix_FULL_143407.txt
../data/parkinson/4135_196_Baseline/4135_196_Baseline_NxNmatrix_FULL_170339.txt
../data/parkinson/4136_196_Baseline/4136_196_Baseline_NxNmatrix_FULL_148991.txt
../data/parkinson/4136_196_Month-12/4136_196_Month-12_NxNmatrix_FULL_148615.txt
../data/parkinson/4139_196_Baseline/4139_196_Baseline_NxNmatrix_FULL_111108.txt

Line: 1 / 180 
 norm                            -__param
base_features        bag_of_edges__param
pairwise_features      l1_l2_linf__param
scaler                    standard__None
classifier                      grid__LR
Name: 0, dtype: object 


	Featuring:  0.2477552890777588  sec


Pipeline:  Pipeline(steps=[('standard', StandardScaler(copy=True, with_mean=True, with_std=True)), ('grid', GridSearchCV(cv=StratifiedKFold(n_splits=10, random_state=0, shuffle=True),
       error_score='raise',
       estimator=LogisticRegression(C=1.0, class_weight=None, dual=False, fit_intercept=True,
          inte...re_dispatch='2*n_jobs', refit=True, return_train_score=True,
       scoring='accuracy', verbose=0))])

	GridSearching:  0.6666889190673828  sec


accuracy_grid_mean =  0.980066445183
accuracy_grid_std =  0.0163433539884
accuracy_grid_best_params:  {'max_iter': 50, 'C': 0.25, 'random_state': 0, 'penalty': 'l1', 'solver': 'liblinear', 'n_jobs': 1, 'fit_intercept': True} 


	Scoring_accuracy:  0.385822057723999  sec


accuracy_eval_mean  0.976611570248
accuracy_eval_std  0.0118649021608
accuracy_eval_scores [ 0.98347107  0.97520661  1.          0.95041322  0.95867769  0.98347107
  0.98347107  0.96694215  1.          0.97520661  0.96694215  1.
  0.98347107  0.97520661  0.95041322  0.99173554  0.98347107  0.97520661
  0.99173554  0.97520661  0.96694215  0.98347107  0.97520661  0.98347107
  0.98347107  0.98347107  0.98347107  0.99173554  0.96694215  0.99173554
  0.95867769  0.95041322  0.98347107  0.95041322  0.98347107  0.99173554
  0.99173554  0.98347107  0.97520661  0.96694215  0.98347107  0.98347107
  0.99173554  0.96694215  0.99173554  0.98347107  0.98347107  0.97520661
  0.97520661  0.97520661  0.98347107  0.96694215  0.95867769  0.99173554
  0.97520661  0.95867769  0.99173554  0.96694215  0.97520661  0.97520661
  0.95867769  0.97520661  0.97520661  0.98347107  0.98347107  0.99173554
  0.95867769  0.97520661  0.96694215  0.97520661  0.95867769  0.96694215
  0.98347107  0.97520661  0.97520661  0.99173554  0.95041322  0.97520661
  0.97520661  0.98347107  0.97520661  0.97520661  0.98347107  0.96694215
  0.96694215  0.99173554  0.97520661  0.99173554  0.99173554  0.97520661
  0.96694215  0.97520661  0.96694215  0.95867769  0.97520661  0.98347107
  0.98347107  0.98347107  0.95867769  0.96694215]

Line: 2 / 180 
 norm                            -__param
base_features        bag_of_edges__param
pairwise_features      l1_l2_linf__param
scaler                    standard__None
classifier                      grid__RF
Name: 1, dtype: object 


	Featuring:  0.0011534690856933594  sec


Pipeline:  Pipeline(steps=[('standard', StandardScaler(copy=True, with_mean=True, with_std=True)), ('grid', GridSearchCV(cv=StratifiedKFold(n_splits=10, random_state=0, shuffle=True),
       error_score='raise',
       estimator=RandomForestClassifier(bootstrap=True, class_weight=None, criterion='gini',
            max...re_dispatch='2*n_jobs', refit=True, return_train_score=True,
       scoring='accuracy', verbose=0))])

	GridSearching:  4.789105176925659  sec


accuracy_grid_mean =  0.981727574751
accuracy_grid_std =  0.0174035861234
accuracy_grid_best_params:  {'max_features': 0.5, 'criterion': 'gini', 'oob_score': False, 'min_samples_split': 2, 'bootstrap': True, 'random_state': 0, 'max_depth': 2, 'n_estimators': 100, 'class_weight': None, 'n_jobs': 1, 'verbose': 0, 'min_weight_fraction_leaf': 0.0, 'min_samples_leaf': 1, 'max_leaf_nodes': None, 'warm_start': False} 


	Scoring_accuracy:  2.2678749561309814  sec


accuracy_eval_mean  0.981652892562
accuracy_eval_std  0.0116631453635
accuracy_eval_scores [ 0.99173554  0.99173554  1.          0.95867769  0.97520661  0.98347107
  0.98347107  0.97520661  1.          0.97520661  0.97520661  0.99173554
  0.97520661  0.97520661  0.95867769  0.99173554  0.97520661  0.97520661
  1.          0.98347107  0.96694215  1.          0.98347107  0.98347107
  0.97520661  0.98347107  0.99173554  0.99173554  0.97520661  0.99173554
  0.96694215  0.95867769  0.98347107  0.95867769  0.98347107  1.
  0.99173554  0.99173554  0.98347107  0.97520661  0.98347107  0.99173554
  1.          0.98347107  1.          0.98347107  0.98347107  0.99173554
  0.98347107  0.97520661  0.98347107  0.96694215  0.95867769  1.
  0.98347107  0.96694215  1.          0.97520661  0.97520661  0.97520661
  0.95867769  1.          0.98347107  0.99173554  0.98347107  0.99173554
  0.95867769  0.97520661  0.96694215  0.98347107  0.96694215  0.98347107
  0.98347107  0.98347107  0.97520661  0.99173554  0.95041322  0.99173554
  0.98347107  0.99173554  0.98347107  0.97520661  1.          0.97520661
  0.96694215  0.99173554  0.97520661  0.99173554  1.          0.97520661
  0.98347107  0.99173554  0.97520661  0.98347107  0.98347107  0.98347107
  0.98347107  0.98347107  0.96694215  0.96694215]

Line: 3 / 180 
 norm                            -__param
base_features        bag_of_edges__param
pairwise_features      l1_l2_linf__param
scaler                    standard__None
classifier                     grid__GBT
Name: 2, dtype: object 


	Featuring:  0.00051116943359375  sec


Pipeline:  Pipeline(steps=[('standard', StandardScaler(copy=True, with_mean=True, with_std=True)), ('grid', GridSearchCV(cv=StratifiedKFold(n_splits=10, random_state=0, shuffle=True),
       error_score='raise',
       estimator=XGBClassifier(base_score=0.5, colsample_bylevel=1, colsample_bytree=1,
       gamma=0, lear...re_dispatch='2*n_jobs', refit=True, return_train_score=True,
       scoring='accuracy', verbose=0))])

	GridSearching:  2.9041805267333984  sec


accuracy_grid_mean =  0.983388704319
accuracy_grid_std =  0.0149132064369
accuracy_grid_best_params:  {'gamma': 0, 'colsample_bytree': 1.0, 'silent': True, 'nthread': 1, 'seed': 0, 'n_estimators': 100, 'max_depth': 2, 'learning_rate': 0.01, 'subsample': 1.0, 'base_score': 0.5, 'objective': 'binary:logistic'} 


